#
# There is insufficient memory for the Java Runtime Environment to continue.
# Native memory allocation (malloc) failed to allocate 32784 bytes for Chunk::new
# Possible reasons:
#   The system is out of physical RAM or swap space
#   The process is running with CompressedOops enabled, and the Java Heap may be blocking the growth of the native heap
# Possible solutions:
#   Reduce memory load on the system
#   Increase physical memory or swap space
#   Check if swap backing store is full
#   Decrease Java heap size (-Xmx/-Xms)
#   Decrease number of Java threads
#
#  
]

Stack: [0x0000000059060000,0x0000000059160000]
[error occurred during error reporting (printing stack bounds), id 0xc0000005]

Native frames: (J=compiled Java code, j=interpreted, Vv=VM code, C=native code)


Current CompileTask:
C2:  51369 2066       4       java.security.AccessController::getContext (23 bytes)


---------------  P R O C E S S  ---------------

Java Threads: ( => current thread )
  0x000000005957a800 JavaThread "TimerQueue" daemon [_thread_blocked, id=7808, stack(0x000000005a980000,0x000000005aa80000)]
  0x0000000001d6f000 JavaThread "DestroyJavaVM" [_thread_blocked, id=8412, stack(0x0000000001e80000,0x0000000001f80000)]
  0x000000005933c000 JavaThread "AWT-EventQueue-0" [_thread_in_Java, id=5060, stack(0x000000005a150000,0x000000005a250000)]
  0x000000005933a800 JavaThread "AWT-Windows" daemon [_thread_in_native, id=8760, stack(0x0000000059de0000,0x0000000059ee0000)]
  0x0000000059332000 JavaThread "AWT-Shutdown" [_thread_blocked, id=7616, stack(0x0000000059b20000,0x0000000059c20000)]
  0x0000000059331800 JavaThread "Java2D Disposer" daemon [_thread_blocked, id=7124, stack(0x0000000059c20000,0x0000000059d20000)]
  0x0000000058b8c800 JavaThread "Service Thread" daemon [_thread_blocked, id=624, stack(0x00000000591e0000,0x00000000592e0000)]
  0x0000000058b55800 JavaThread "C1 CompilerThread2" daemon [_thread_blocked, id=8052, stack(0x0000000058320000,0x0000000058420000)]
=>0x000000005738f800 JavaThread "C2 CompilerThread1" daemon [_thread_in_native, id=2596, stack(0x0000000059060000,0x0000000059160000)]
  0x000000005738a800 JavaThread "C2 CompilerThread0" daemon [_thread_in_native, id=2480, stack(0x0000000058a50000,0x0000000058b50000)]
  0x0000000057389000 JavaThread "Attach Listener" daemon [_thread_blocked, id=2524, stack(0x0000000058830000,0x0000000058930000)]
  0x0000000057385000 JavaThread "Signal Dispatcher" daemon [_thread_blocked, id=7120, stack(0x0000000058710000,0x0000000058810000)]
  0x000000005736a800 JavaThread "Finalizer" daemon [_thread_blocked, id=7584, stack(0x0000000058590000,0x0000000058690000)]
  0x0000000057323800 JavaThread "Reference Handler" daemon [_thread_blocked, id=7432, stack(0x0000000058420000,0x0000000058520000)]

Other Threads:
  0x000000005731c000 VMThread [stack: 0x00000000581a0000,0x00000000582a0000] [id=4616]
  0x0000000058bd7800 WatcherThread [stack: 0x0000000058940000,0x0000000058a40000] [id=9060]

VM state:not at safepoint (normal execution)

VM Mutex/Monitor currently owned by a thread: None

heap address: 0x0000000081400000, size: 2028 MB, Compressed Oops mode: 32-bit
Narrow klass base: 0x0000000000000000, Narrow klass shift: 0
Compressed class space size: 1073741824 Address: 0x0000000016990000

Heap:
 PSYoungGen      total 38400K, used 7999K [0x00000000d5c00000, 0x00000000d8680000, 0x0000000100000000)
  eden space 33280K, 8% used [0x00000000d5c00000,0x00000000d5ed18c8,0x00000000d7c80000)
  from space 5120K, 99% used [0x00000000d7c80000,0x00000000d817e618,0x00000000d8180000)
  to   space 5120K, 0% used [0x00000000d8180000,0x00000000d8180000,0x00000000d8680000)
 ParOldGen       total 87552K, used 12190K [0x0000000081400000, 0x0000000086980000, 0x00000000d5c00000)
  object space 87552K, 13% used [0x0000000081400000,0x0000000081fe7868,0x0000000086980000)
 Metaspace       used 16626K, capacity 16918K, committed 17024K, reserved 1064960K
  class space    used 2067K, capacity 2135K, committed 2176K, reserved 1048576K

Card table byte_map: [0x0000000011770000,0x0000000011b70000] byte_map_base: 0x0000000011366000

Marking Bits: (ParMarkBitMap*) 0x000000006f1e6d90
 Begin Bits: [0x0000000012630000, 0x00000000145e0000)
 End Bits:   [0x00000000145e0000, 0x0000000016590000)

Polling page: 0x0000000000110000

CodeCache: size=245760Kb used=6336Kb max_used=6336Kb free=239423Kb
 bounds [0x00000000023b0000, 0x00000000029f0000, 0x00000000113b0000]
 total_blobs=2600 nmethods=2074 adapters=437
 compilation: enabled

Compilation events (10 events):
Event: 51.335 Thread 0x0000000058b55800 nmethod 2061 0x00000000029d82d0 code [0x00000000029d8420, 0x00000000029d8530]
Event: 51.335 Thread 0x0000000058b55800 2062       1       net.miginfocom.layout.CC::getDockSide (5 bytes)
Event: 51.335 Thread 0x0000000058b55800 nmethod 2062 0x00000000029df950 code [0x00000000029dfaa0, 0x00000000029dfbb0]
Event: 51.335 Thread 0x0000000058b55800 2063       1       net.miginfocom.layout.LC::isVisualPadding (5 bytes)
Event: 51.335 Thread 0x0000000058b55800 nmethod 2063 0x00000000029dfc10 code [0x00000000029dfd60, 0x00000000029dfe70]
Event: 51.335 Thread 0x0000000058b55800 2064       1       net.miginfocom.layout.Grid$CompWrap::access$2700 (5 bytes)
Event: 51.335 Thread 0x0000000058b55800 nmethod 2064 0x00000000029dfed0 code [0x00000000029e0020, 0x00000000029e0110]
Event: 51.336 Thread 0x000000005738f800 2065       4       java.util.ArrayList::iterator (9 bytes)
Event: 51.337 Thread 0x000000005738f800 nmethod 2065 0x00000000029e2e50 code [0x00000000029e2fa0, 0x00000000029e3078]
Event: 51.342 Thread 0x000000005738f800 2066       4       java.security.AccessController::getContext (23 bytes)

GC Heap History (2 events):
Event: 40.870 GC heap before
{Heap before GC invocations=1 (full 0):
 PSYoungGen      total 38400K, used 33280K [0x00000000d5c00000, 0x00000000d8680000, 0x0000000100000000)
  eden space 33280K, 100% used [0x00000000d5c00000,0x00000000d7c80000,0x00000000d7c80000)
  from space 5120K, 0% used [0x00000000d8180000,0x00000000d8180000,0x00000000d8680000)
  to   space 5120K, 0% used [0x00000000d7c80000,0x00000000d7c80000,0x00000000d8180000)
 ParOldGen       total 87552K, used 0K [0x0000000081400000, 0x0000000086980000, 0x00000000d5c00000)
  object space 87552K, 0% used [0x0000000081400000,0x0000000081400000,0x0000000086980000)
 Metaspace       used 16559K, capacity 16848K, committed 17024K, reserved 1064960K
  class space    used 2061K, capacity 2134K, committed 2176K, reserved 1048576K
Event: 40.888 GC heap after
Heap after GC invocations=1 (full 0):
 PSYoungGen      total 38400K, used 5113K [0x00000000d5c00000, 0x00000000d8680000, 0x0000000100000000)
  eden space 33280K, 0% used [0x00000000d5c00000,0x00000000d5c00000,0x00000000d7c80000)
  from space 5120K, 99% used [0x00000000d7c80000,0x00000000d817e618,0x00000000d8180000)
  to   space 5120K, 0% used [0x00000000d8180000,0x00000000d8180000,0x00000000d8680000)
 ParOldGen       total 87552K, used 12190K [0x0000000081400000, 0x0000000086980000, 0x00000000d5c00000)
  object space 87552K, 13% used [0x0000000081400000,0x0000000081fe7868,0x0000000086980000)
 Metaspace       used 16559K, capacity 16848K, committed 17024K, reserved 1064960K
  class space    used 2061K, capacity 2134K, committed 2176K, reserved 1048576K
}

Deoptimization events (10 events):
Event: 14.471 Thread 0x000000005933c000 Uncommon trap: reason=bimorphic action=maybe_recompile pc=0x000000000272ab8c method=java.util.HashMap.putVal(ILjava/lang/Object;Ljava/lang/Object;ZZ)Ljava/lang/Object; @ 91
Event: 14.583 Thread 0x000000005933c000 Uncommon trap: reason=bimorphic action=maybe_recompile pc=0x000000000272ab8c method=java.util.HashMap.putVal(ILjava/lang/Object;Ljava/lang/Object;ZZ)Ljava/lang/Object; @ 91
Event: 14.707 Thread 0x000000005933c000 Uncommon trap: reason=bimorphic action=maybe_recompile pc=0x000000000272ab8c method=java.util.HashMap.putVal(ILjava/lang/Object;Ljava/lang/Object;ZZ)Ljava/lang/Object; @ 91
Event: 14.773 Thread 0x000000005933c000 Uncommon trap: reason=bimorphic action=maybe_recompile pc=0x0000000002910c5c method=javax.swing.SwingUtilities.getValidateRoot(Ljava/awt/Container;Z)Ljava/awt/Container; @ 35
Event: 14.774 Thread 0x000000005933c000 Uncommon trap: reason=bimorphic action=maybe_recompile pc=0x0000000002910c5c method=javax.swing.SwingUtilities.getValidateRoot(Ljava/awt/Container;Z)Ljava/awt/Container; @ 35
Event: 14.774 Thread 0x000000005933c000 Uncommon trap: reason=bimorphic action=maybe_recompile pc=0x0000000002910c5c method=javax.swing.SwingUtilities.getValidateRoot(Ljava/awt/Container;Z)Ljava/awt/Container; @ 35
Event: 14.774 Thread 0x000000005933c000 Uncommon trap: reason=bimorphic action=maybe_recompile pc=0x0000000002910c5c method=javax.swing.SwingUtilities.getValidateRoot(Ljava/awt/Container;Z)Ljava/awt/Container; @ 35
Event: 50.104 Thread 0x000000005933c000 Uncommon trap: reason=unstable_if action=reinterpret pc=0x00000000028bbc70 method=java.lang.ref.SoftReference.get()Ljava/lang/Object; @ 17
Event: 51.301 Thread 0x000000005933c000 Uncommon trap: reason=unstable_if action=reinterpret pc=0x000000000285e650 method=java.security.AccessControlContext.optimize()Ljava/security/AccessControlContext; @ 220
Event: 51.341 Thread 0x000000005933c000 Uncommon trap: reason=unstable_if action=reinterpret pc=0x00000000029bfcc4 method=java.awt.EventQueue.getPriority(Ljava/awt/AWTEvent;)I @ 71

Classes redefined (0 events):
No events

Internal exceptions (10 events):
Event: 1.053 Thread 0x0000000001d6f000 Exception <a 'java/lang/NoSuchFieldError': method resolution failed> (0x00000000d5e42650) thrown at [C:\re\workspace\8-2-build-windows-amd64-cygwin\jdk8u231\13620\hotspot\src\share\vm\prims\methodHandles.cpp, line 1167]
Event: 1.166 Thread 0x000000005933c000 Exception <a 'java/io/FileNotFoundException'> (0x00000000d60077e8) thrown at [C:\re\workspace\8-2-build-windows-amd64-cygwin\jdk8u231\13620\hotspot\src\share\vm\prims\jni.cpp, line 710]
Event: 1.334 Thread 0x000000005933c000 Exception <a 'java/lang/ClassNotFoundException': java/lang/ObjectCustomizer> (0x00000000d619c6b0) thrown at [C:\re\workspace\8-2-build-windows-amd64-cygwin\jdk8u231\13620\hotspot\src\share\vm\classfile\systemDictionary.cpp, line 210]
Event: 1.336 Thread 0x000000005933c000 Exception <a 'java/lang/ArrayIndexOutOfBoundsException': 18> (0x00000000d619f110) thrown at [C:\re\workspace\8-2-build-windows-amd64-cygwin\jdk8u231\13620\hotspot\src\share\vm\interpreter\interpreterRuntime.cpp, line 368]
Event: 1.337 Thread 0x000000005933c000 Exception <a 'java/lang/ArrayIndexOutOfBoundsException': 22> (0x00000000d61a2470) thrown at [C:\re\workspace\8-2-build-windows-amd64-cygwin\jdk8u231\13620\hotspot\src\share\vm\interpreter\interpreterRuntime.cpp, line 368]
Event: 1.338 Thread 0x000000005933c000 Exception <a 'java/lang/ArrayIndexOutOfBoundsException': 160> (0x00000000d61a4848) thrown at [C:\re\workspace\8-2-build-windows-amd64-cygwin\jdk8u231\13620\hotspot\src\share\vm\interpreter\interpreterRuntime.cpp, line 368]
Event: 1.340 Thread 0x000000005933c000 Exception <a 'java/lang/ClassNotFoundException': net/miginfocom/layout/UnitValueCustomizer> (0x00000000d61ab988) thrown at [C:\re\workspace\8-2-build-windows-amd64-cygwin\jdk8u231\13620\hotspot\src\share\vm\classfile\systemDictionary.cpp, line 210]
Event: 1.344 Thread 0x000000005933c000 Exception <a 'java/lang/ClassNotFoundException': java/lang/ObjectCustomizer> (0x00000000d61c6210) thrown at [C:\re\workspace\8-2-build-windows-amd64-cygwin\jdk8u231\13620\hotspot\src\share\vm\classfile\systemDictionary.cpp, line 210]
Event: 1.345 Thread 0x000000005933c000 Exception <a 'java/lang/ClassNotFoundException': net/miginfocom/layout/BoundSizeCustomizer> (0x00000000d61cef60) thrown at [C:\re\workspace\8-2-build-windows-amd64-cygwin\jdk8u231\13620\hotspot\src\share\vm\classfile\systemDictionary.cpp, line 210]
Event: 14.224 Thread 0x000000005933c000 Implicit null exception at 0x00000000028dcea9 to 0x00000000028dd35a

Events (10 events):
Event: 51.311 loading class View/TelaAuditAlterar$2 done
Event: 51.323 Executing VM operation: RevokeBias
Event: 51.323 Executing VM operation: RevokeBias done
Event: 51.324 Executing VM operation: RevokeBias
Event: 51.324 Executing VM operation: RevokeBias done
Event: 51.324 Executing VM operation: RevokeBias
Event: 51.324 Executing VM operation: RevokeBias done
Event: 51.341 Thread 0x000000005933c000 Uncommon trap: trap_request=0xffffff65 fr.pc=0x00000000029bfcc4
Event: 51.341 Thread 0x000000005933c000 DEOPT PACKING pc=0x00000000029bfcc4 sp=0x000000005a24caf0
Event: 51.341 Thread 0x000000005933c000 DEOPT UNPACKING pc=0x00000000023f583b sp=0x000000005a24ca00 mode 2


Dynamic libraries:
0x000000013f2f0000 - 0x000000013f327000 	C:\Program Files\Java\jre1.8.0_231\bin\javaw.exe
0x0000000076d40000 - 0x0000000076eea000 	C:\Windows\SYSTEM32\ntdll.dll
0x0000000076b20000 - 0x0000000076c3f000 	C:\Windows\system32\kernel32.dll
0x000007fefcb70000 - 0x000007fefcbda000 	C:\Windows\system32\KERNELBASE.dll
0x000007fefce30000 - 0x000007fefcf0b000 	C:\Windows\system32\ADVAPI32.dll
0x000007fefee30000 - 0x000007fefeecf000 	C:\Windows\system32\msvcrt.dll
0x000007fefe770000 - 0x000007fefe78f000 	C:\Windows\SYSTEM32\sechost.dll
0x000007fefe110000 - 0x000007fefe23d000 	C:\Windows\system32\RPCRT4.dll
0x0000000076c40000 - 0x0000000076d3a000 	C:\Windows\system32\USER32.dll
0x000007fefe0a0000 - 0x000007fefe107000 	C:\Windows\system32\GDI32.dll
0x000007fefe430000 - 0x000007fefe43e000 	C:\Windows\system32\LPK.dll
0x000007fefea80000 - 0x000007fefeb4a000 	C:\Windows\system32\USP10.dll
0x000007fefb460000 - 0x000007fefb654000 	C:\Windows\WinSxS\amd64_microsoft.windows.common-controls_6595b64144ccf1df_6.0.7601.18837_none_fa3b1e3d17594757\COMCTL32.dll
0x000007fefdf80000 - 0x000007fefdff1000 	C:\Windows\system32\SHLWAPI.dll
0x000007fefe6c0000 - 0x000007fefe6ee000 	C:\Windows\system32\IMM32.DLL
0x000007fefeed0000 - 0x000007fefefd9000 	C:\Windows\system32\MSCTF.dll
0x00000000732f0000 - 0x00000000733c2000 	C:\Program Files\Java\jre1.8.0_231\bin\msvcr100.dll
0x000000006e9c0000 - 0x000000006f266000 	C:\Program Files\Java\jre1.8.0_231\bin\server\jvm.dll
0x000007feed440000 - 0x000007feed449000 	C:\Windows\system32\WSOCK32.dll
0x000007feff000000 - 0x000007feff04d000 	C:\Windows\system32\WS2_32.dll
0x000007fefeb50000 - 0x000007fefeb58000 	C:\Windows\system32\NSI.dll
0x000007fef73d0000 - 0x000007fef740b000 	C:\Windows\system32\WINMM.dll
0x000007fefbbc0000 - 0x000007fefbbcc000 	C:\Windows\system32\VERSION.dll
0x0000000076f00000 - 0x0000000076f07000 	C:\Windows\system32\PSAPI.DLL
0x000007fef9ee0000 - 0x000007fef9eef000 	C:\Program Files\Java\jre1.8.0_231\bin\verify.dll
0x000007feecb80000 - 0x000007feecba9000 	C:\Program Files\Java\jre1.8.0_231\bin\java.dll
0x000007feed660000 - 0x000007feed676000 	C:\Program Files\Java\jre1.8.0_231\bin\zip.dll
0x000007fefd1f0000 - 0x000007fefdf7a000 	C:\Windows\system32\SHELL32.dll
0x000007fefe790000 - 0x000007fefe993000 	C:\Windows\system32\ole32.dll
0x000007fefca80000 - 0x000007fefca8f000 	C:\Windows\system32\profapi.dll
0x000007feea740000 - 0x000007feea8da000 	C:\Program Files\Java\jre1.8.0_231\bin\awt.dll
0x000007fefe9a0000 - 0x000007fefea7a000 	C:\Windows\system32\OLEAUT32.dll
0x000007fefafc0000 - 0x000007fefb016000 	C:\Windows\system32\uxtheme.dll
0x000007fefa730000 - 0x000007fefa748000 	C:\Windows\system32\dwmapi.dll
0x000007fefc8d0000 - 0x000007fefc8df000 	C:\Windows\system32\CRYPTBASE.dll
0x000007fee6270000 - 0x000007fee638d000 	C:\Windows\system32\opengl32.dll
0x000007fee6cf0000 - 0x000007fee6d1d000 	C:\Windows\system32\GLU32.dll
0x000007fede120000 - 0x000007fede211000 	C:\Windows\system32\DDRAW.dll
0x000007fef9ed0000 - 0x000007fef9ed8000 	C:\Windows\system32\DCIMAN32.dll
0x000007fefe4e0000 - 0x000007fefe6b7000 	C:\Windows\system32\SETUPAPI.dll
0x000007fefcaf0000 - 0x000007fefcb26000 	C:\Windows\system32\CFGMGR32.dll
0x000007fefca90000 - 0x000007fefcaaa000 	C:\Windows\system32\DEVOBJ.dll
0x000007feebcf0000 - 0x000007feebd39000 	C:\Program Files\Java\jre1.8.0_231\bin\fontmanager.dll
0x000007feecae0000 - 0x000007feecafa000 	C:\Program Files\Java\jre1.8.0_231\bin\net.dll
0x000007fefc210000 - 0x000007fefc265000 	C:\Windows\system32\mswsock.dll
0x000007fefc200000 - 0x000007fefc207000 	C:\Windows\System32\wship6.dll
0x000007feec450000 - 0x000007feec462000 	C:\Program Files\Java\jre1.8.0_231\bin\nio.dll
0x000007feebca0000 - 0x000007feebce2000 	C:\Program Files\Java\jre1.8.0_231\bin\t2k.dll
0x000007fefe440000 - 0x000007fefe4d9000 	C:\Windows\system32\CLBCatQ.DLL
0x000007fefa3a0000 - 0x000007fefa501000 	C:\Windows\system32\WindowsCodecs.dll
0x000007fefc870000 - 0x000007fefc8c7000 	C:\Windows\system32\apphelp.dll
0x000007fef6c40000 - 0x000007fef6c75000 	C:\Windows\system32\EhStorShell.dll
0x000007fefb080000 - 0x000007fefb1ac000 	C:\Windows\system32\PROPSYS.dll
0x000007fef65d0000 - 0x000007fef6c3f000 	C:\PROGRA~1\MICROS~2\Office14\GROOVEEX.DLL
0x00000000717e0000 - 0x0000000071883000 	C:\Windows\WinSxS\amd64_microsoft.vc90.crt_1fc8b3b9a1e18e3b_9.0.30729.6161_none_08e61857a83bc251\MSVCR90.dll
0x0000000071700000 - 0x00000000717d3000 	C:\Windows\WinSxS\amd64_microsoft.vc90.crt_1fc8b3b9a1e18e3b_9.0.30729.6161_none_08e61857a83bc251\MSVCP90.dll
0x0000000071650000 - 0x000000007167f000 	C:\Windows\WinSxS\amd64_microsoft.vc90.atl_1fc8b3b9a1e18e3b_9.0.30729.6161_none_0a1fd3a3a768b895\ATL90.DLL
0x000007fef5f10000 - 0x000007fef632a000 	C:\PROGRA~1\COMMON~1\MICROS~1\OFFICE14\Cultures\office.odf
0x000007fef4410000 - 0x000007fef4c8b000 	C:\PROGRA~1\MICROS~2\Office14\1046\GrooveIntlResource.dll
0x000007fef5ce0000 - 0x000007fef5d5e000 	C:\Windows\System32\cscui.dll
0x000007fef63a0000 - 0x000007fef63ac000 	C:\Windows\System32\CSCDLL.dll
0x000007fef93d0000 - 0x000007fef93df000 	C:\Windows\system32\CSCAPI.dll
0x000007fef5940000 - 0x000007fef59c0000 	C:\Windows\system32\ntshrui.dll
0x000007fefc4f0000 - 0x000007fefc513000 	C:\Windows\system32\srvcli.dll
0x000007fefa770000 - 0x000007fefa77b000 	C:\Windows\system32\slc.dll

VM Arguments:
jvm_args: -Dfile.encoding=Cp1252 
java_command: View.TelaAuditoria
java_class_path (initial): C:\Users\Informatica01\workspace\ProtocoloPontoEpi\bin;C:\Users\Informatica01\workspace\ProtocoloPontoEpi\miglayout15-swing.jar;D:\Documentos\Desktop\Driver POSTGRESQL\postgresql-9.4-1201.jdbc4.jar;C:\Users\Informatica01\workspace\ProtocoloPontoEpi\Biblioteca\commons-beanutils-1.8.2.jar;C:\Users\Informatica01\workspace\ProtocoloPontoEpi\Biblioteca\commons-collections-3.2.1.jar;C:\Users\Informatica01\workspace\ProtocoloPontoEpi\Biblioteca\commons-digester-2.1.jar;C:\Users\Informatica01\workspace\ProtocoloPontoEpi\Biblioteca\commons-logging-1.1.jar;C:\Users\Informatica01\workspace\ProtocoloPontoEpi\Biblioteca\groovy-all-2.0.1.jar;C:\Users\Informatica01\workspace\ProtocoloPontoEpi\Biblioteca\iText-2.1.7.js2.jar;C:\Users\Informatica01\workspace\ProtocoloPontoEpi\Biblioteca\jasperreports-5.6.0.jar;C:\Users\Informatica01\workspace\ProtocoloPontoEpi\Biblioteca\jasperreports-fonts-5.6.0.jar
Launcher Type: SUN_STANDARD

Environment Variables:
JAVA_HOME=C:\Program Files\Java\jre1.8.0_231
CLASSPATH=.;JAVA_HOME
PATH=D:/Documentos/Desktop/ECLIPSE JAVA/eclipse//plugins/org.eclipse.justj.openjdk.hotspot.jre.full.win32.x86_64_15.0.1.v20201027-0507/jre/bin/server;D:/Documentos/Desktop/ECLIPSE JAVA/eclipse//plugins/org.eclipse.justj.openjdk.hotspot.jre.full.win32.x86_64_15.0.1.v20201027-0507/jre/bin;C:\Program Files (x86)\Common Files\Oracle\Java\javapath;C:\ProgramData\Oracle\Java\javapath;C:\Oracle\product\11.2.0\client_1\bin;C:\Program Files\Common Files\Microsoft Shared\Windows Live;C:\Program Files (x86)\Common Files\Microsoft Shared\Windows Live;C:\Windows\system32;C:\Windows;C:\Windows\System32\Wbem;C:\Windows\System32\WindowsPowerShell\v1.0\;C:\Program Files (x86)\Microsoft SQL Server\100\Tools\Binn\;C:\Program Files\Microsoft SQL Server\100\Tools\Binn\;C:\Program Files\Microsoft SQL Server\100\DTS\Binn\;C:\Program Files (x86)\Windows Live\Shared;C:\Program Files (x86)\Brackets\command;C:\Program Files (x86)\Print Conductor;C:\Program Files\Java\jre1.8.0_231\bin;C:\Program Files\Git\cmd;C:\Program Files (x86)\Spiceworks\Nmap;C:\Program Files (x86)\Print Conductor;;D:\Documentos\Desktop\ECLIPSE JAVA\eclipse;
USERNAME=Informatica01
OS=Windows_NT
PROCESSOR_IDENTIFIER=Intel64 Family 6 Model 42 Stepping 7, GenuineIntel



---------------  S Y S T E M  ---------------

OS: Windows 7 , 64 bit Build 7601 (6.1.7601.23539)

CPU:total 4 (initial active 4) (2 cores per cpu, 2 threads per core) family 6 model 42 stepping 7, cmov, cx8, fxsr, mmx, sse, sse2, sse3, ssse3, sse4.1, sse4.2, popcnt, avx, clmul, ht, tsc, tscinvbit

Memory: 4k page, physical 8299140k(2128408k free), swap 8297280k(245600k free)

vm_info: Java HotSpot(TM) 64-Bit Server VM (25.231-b11) for windows-amd64 JRE (1.8.0_231-b11), built on Oct  5 2019 03:11:30 by "java_re" with MS VC++ 10.0 (VS2010)

time: Wed Jul 28 11:07:38 2021
timezone: Hora oficial do Brasil
elapsed time: 51 seconds (0d 0h 0m 51s)

