#
# There is insufficient memory for the Java Runtime Environment to continue.
# Native memory allocation (malloc) failed to allocate 32744 bytes for ChunkPool::allocate
# Possible reasons:
#   The system is out of physical RAM or swap space
#   The process is running with CompressedOops enabled, and the Java Heap may be blocking the growth of the native heap
# Possible solutions:
#   Reduce memory load on the system
#   Increase physical memory or swap space
#   Check if swap backing store is full
#   Decrease Java heap size (-Xmx/-Xms)
#   Decrease number of Java threads
#   Decrease Java thread stack sizes (-Xss)
#   Set larger code cache with -XX:ReservedCodeCacheSize=
#   JVM is running with Unscaled Compressed Oops mode in which the Java heap is
#     placed in the first 4GB address space. The Java Heap base address is the
#     maximum limit for the native heap growth. Please use -XX:HeapBaseMinAddress
#     to set the Java Heap base and to place the Java Heap above 4GB virtual address.
# This output file may be truncated or incomplete.
#
#  Out of Memory Error (allocation.cpp:272), pid=7036, tid=0x0000000000001bf4
#
# JRE version: Java(TM) SE Runtime Environment (8.0_231-b11) (build 1.8.0_231-b11)
# Java VM: Java HotSpot(TM) 64-Bit Server VM (25.231-b11 mixed mode windows-amd64 compressed oops)
# Failed to write core dump. Minidumps are not enabled by default on client versions of Windows
#

---------------  T H R E A D  ---------------

Current thread (0x000000005730f800):  JavaThread "C2 CompilerThread1" daemon [_thread_in_native, id=7156, stack(0x0000000058e70000,0x0000000058f70000)]

Stack: [0x0000000058e70000,0x0000000058f70000]
[error occurred during error reporting (printing stack bounds), id 0xc0000005]

Native frames: (J=compiled Java code, j=interpreted, Vv=VM code, C=native code)


Current CompileTask:
C2: 350317 2753       4       javax.swing.JComponent::reshape (10 bytes)


---------------  P R O C E S S  ---------------

Java Threads: ( => current thread )
  0x000000005983e800 JavaThread "TimerQueue" daemon [_thread_blocked, id=5660, stack(0x000000005a750000,0x000000005a850000)]
  0x0000000001e7f000 JavaThread "DestroyJavaVM" [_thread_blocked, id=6152, stack(0x0000000002090000,0x0000000002190000)]
  0x000000005959f800 JavaThread "AWT-EventQueue-0" [_thread_in_native, id=3580, stack(0x000000005a180000,0x000000005a280000)]
  0x000000005959a000 JavaThread "AWT-Windows" daemon [_thread_in_native, id=7576, stack(0x000000005a020000,0x000000005a120000)]
  0x0000000059597800 JavaThread "AWT-Shutdown" [_thread_blocked, id=5532, stack(0x0000000059d70000,0x0000000059e70000)]
  0x0000000059596800 JavaThread "Java2D Disposer" daemon [_thread_blocked, id=7896, stack(0x0000000059180000,0x0000000059280000)]
  0x00000000588cc000 JavaThread "Service Thread" daemon [_thread_blocked, id=7288, stack(0x0000000059280000,0x0000000059380000)]
  0x0000000058895800 JavaThread "C1 CompilerThread2" daemon [_thread_in_native, id=7124, stack(0x0000000058fc0000,0x00000000590c0000)]
=>0x000000005730f800 JavaThread "C2 CompilerThread1" daemon [_thread_in_native, id=7156, stack(0x0000000058e70000,0x0000000058f70000)]
  0x0000000057309000 JavaThread "C2 CompilerThread0" daemon [_thread_in_native, id=6348, stack(0x0000000058d60000,0x0000000058e60000)]
  0x0000000057307800 JavaThread "Attach Listener" daemon [_thread_blocked, id=2600, stack(0x0000000058780000,0x0000000058880000)]
  0x0000000057303000 JavaThread "Signal Dispatcher" daemon [_thread_blocked, id=5924, stack(0x00000000580f0000,0x00000000581f0000)]
  0x00000000572ea800 JavaThread "Finalizer" daemon [_thread_blocked, id=6864, stack(0x00000000585e0000,0x00000000586e0000)]
  0x00000000572a3800 JavaThread "Reference Handler" daemon [_thread_blocked, id=5264, stack(0x0000000058410000,0x0000000058510000)]

Other Threads:
  0x000000005729c000 VMThread [stack: 0x00000000581f0000,0x00000000582f0000] [id=3192]
  0x00000000588e6000 WatcherThread [stack: 0x00000000593d0000,0x00000000594d0000] [id=2888]

VM state:not at safepoint (normal execution)

VM Mutex/Monitor currently owned by a thread: None

heap address: 0x0000000081400000, size: 2028 MB, Compressed Oops mode: 32-bit
Narrow klass base: 0x0000000000000000, Narrow klass shift: 0
Compressed class space size: 1073741824 Address: 0x0000000016910000

Heap:
 PSYoungGen      total 38400K, used 20203K [0x00000000d5c00000, 0x00000000d8680000, 0x0000000100000000)
  eden space 33280K, 45% used [0x00000000d5c00000,0x00000000d6abfca8,0x00000000d7c80000)
  from space 5120K, 99% used [0x00000000d8180000,0x00000000d867b1b8,0x00000000d8680000)
  to   space 5120K, 0% used [0x00000000d7c80000,0x00000000d7c80000,0x00000000d8180000)
 ParOldGen       total 87552K, used 10685K [0x0000000081400000, 0x0000000086980000, 0x00000000d5c00000)
  object space 87552K, 12% used [0x0000000081400000,0x0000000081e6f720,0x0000000086980000)
 Metaspace       used 16166K, capacity 16466K, committed 16640K, reserved 1064960K
  class space    used 1958K, capacity 2043K, committed 2048K, reserved 1048576K

Card table byte_map: [0x0000000011820000,0x0000000011c20000] byte_map_base: 0x0000000011416000

Marking Bits: (ParMarkBitMap*) 0x000000006c766d90
 Begin Bits: [0x00000000125b0000, 0x0000000014560000)
 End Bits:   [0x0000000014560000, 0x0000000016510000)

Polling page: 0x0000000000390000

CodeCache: size=245760Kb used=8695Kb max_used=8706Kb free=237064Kb
 bounds [0x0000000002460000, 0x0000000002d00000, 0x0000000011460000]
 total_blobs=3036 nmethods=2528 adapters=420
 compilation: enabled

Compilation events (10 events):
Event: 345.440 Thread 0x0000000058895800 nmethod 2748 0x00000000025f2c90 code [0x00000000025f2e40, 0x00000000025f3458]
Event: 345.440 Thread 0x0000000058895800 2749       3       java.awt.Component::getToolkit (5 bytes)
Event: 345.441 Thread 0x0000000058895800 nmethod 2749 0x00000000028ec890 code [0x00000000028ecaa0, 0x00000000028ed628]
Event: 345.441 Thread 0x0000000058895800 2750       3       javax.swing.JComponent::registerNextFocusableComponent (57 bytes)
Event: 345.442 Thread 0x0000000058895800 nmethod 2750 0x0000000002736bd0 code [0x0000000002736dc0, 0x0000000002737658]
Event: 345.444 Thread 0x0000000058895800 2751       3       java.lang.Double::doubleToLongBits (33 bytes)
Event: 345.444 Thread 0x0000000058895800 nmethod 2751 0x00000000026d9b50 code [0x00000000026d9ca0, 0x00000000026d9e90]
Event: 350.219 Thread 0x0000000057309000 2752       4       java.awt.Component::setBounds (10 bytes)
Event: 350.220 Thread 0x0000000057309000 nmethod 2752 0x0000000002812e50 code [0x0000000002812f80, 0x0000000002812ff8]
Event: 350.220 Thread 0x000000005730f800 2753       4       javax.swing.JComponent::reshape (10 bytes)

GC Heap History (4 events):
Event: 82.754 GC heap before
{Heap before GC invocations=1 (full 0):
 PSYoungGen      total 38400K, used 33280K [0x00000000d5c00000, 0x00000000d8680000, 0x0000000100000000)
  eden space 33280K, 100% used [0x00000000d5c00000,0x00000000d7c80000,0x00000000d7c80000)
  from space 5120K, 0% used [0x00000000d8180000,0x00000000d8180000,0x00000000d8680000)
  to   space 5120K, 0% used [0x00000000d7c80000,0x00000000d7c80000,0x00000000d8180000)
 ParOldGen       total 87552K, used 0K [0x0000000081400000, 0x0000000086980000, 0x00000000d5c00000)
  object space 87552K, 0% used [0x0000000081400000,0x0000000081400000,0x0000000086980000)
 Metaspace       used 15357K, capacity 15658K, committed 15872K, reserved 1062912K
  class space    used 1915K, capacity 2011K, committed 2048K, reserved 1048576K
Event: 82.770 GC heap after
Heap after GC invocations=1 (full 0):
 PSYoungGen      total 38400K, used 5115K [0x00000000d5c00000, 0x00000000d8680000, 0x0000000100000000)
  eden space 33280K, 0% used [0x00000000d5c00000,0x00000000d5c00000,0x00000000d7c80000)
  from space 5120K, 99% used [0x00000000d7c80000,0x00000000d817efd0,0x00000000d8180000)
  to   space 5120K, 0% used [0x00000000d8180000,0x00000000d8180000,0x00000000d8680000)
 ParOldGen       total 87552K, used 8847K [0x0000000081400000, 0x0000000086980000, 0x00000000d5c00000)
  object space 87552K, 10% used [0x0000000081400000,0x0000000081ca3d30,0x0000000086980000)
 Metaspace       used 15357K, capacity 15658K, committed 15872K, reserved 1062912K
  class space    used 1915K, capacity 2011K, committed 2048K, reserved 1048576K
}
Event: 257.098 GC heap before
{Heap before GC invocations=2 (full 0):
 PSYoungGen      total 38400K, used 38395K [0x00000000d5c00000, 0x00000000d8680000, 0x0000000100000000)
  eden space 33280K, 100% used [0x00000000d5c00000,0x00000000d7c80000,0x00000000d7c80000)
  from space 5120K, 99% used [0x00000000d7c80000,0x00000000d817efd0,0x00000000d8180000)
  to   space 5120K, 0% used [0x00000000d8180000,0x00000000d8180000,0x00000000d8680000)
 ParOldGen       total 87552K, used 8847K [0x0000000081400000, 0x0000000086980000, 0x00000000d5c00000)
  object space 87552K, 10% used [0x0000000081400000,0x0000000081ca3d30,0x0000000086980000)
 Metaspace       used 16112K, capacity 16402K, committed 16640K, reserved 1064960K
  class space    used 1957K, capacity 2043K, committed 2048K, reserved 1048576K
Event: 257.117 GC heap after
Heap after GC invocations=2 (full 0):
 PSYoungGen      total 38400K, used 5100K [0x00000000d5c00000, 0x00000000d8680000, 0x0000000100000000)
  eden space 33280K, 0% used [0x00000000d5c00000,0x00000000d5c00000,0x00000000d7c80000)
  from space 5120K, 99% used [0x00000000d8180000,0x00000000d867b1b8,0x00000000d8680000)
  to   space 5120K, 0% used [0x00000000d7c80000,0x00000000d7c80000,0x00000000d8180000)
 ParOldGen       total 87552K, used 10685K [0x0000000081400000, 0x0000000086980000, 0x00000000d5c00000)
  object space 87552K, 12% used [0x0000000081400000,0x0000000081e6f720,0x0000000086980000)
 Metaspace       used 16112K, capacity 16402K, committed 16640K, reserved 1064960K
  class space    used 1957K, capacity 2043K, committed 2048K, reserved 1048576K
}

Deoptimization events (10 events):
Event: 330.226 Thread 0x000000005959f800 Uncommon trap: reason=unstable_if action=reinterpret pc=0x000000000272881c method=java.util.PriorityQueue.offer(Ljava/lang/Object;)Z @ 51
Event: 330.230 Thread 0x000000005983e800 Uncommon trap: reason=unstable_if action=reinterpret pc=0x00000000025f4cc0 method=java.util.PriorityQueue.poll()Ljava/lang/Object; @ 53
Event: 330.264 Thread 0x000000005983e800 Uncommon trap: reason=unstable_if action=reinterpret pc=0x0000000002718428 method=java.util.PriorityQueue.poll()Ljava/lang/Object; @ 53
Event: 330.264 Thread 0x000000005983e800 Uncommon trap: reason=unstable_if action=reinterpret pc=0x0000000002acfe9c method=java.util.concurrent.locks.AbstractQueuedSynchronizer$ConditionObject.signal()V @ 24
Event: 330.858 Thread 0x000000005959f800 Uncommon trap: reason=unstable_if action=reinterpret pc=0x0000000002ba8380 method=java.awt.Container.getMouseEventTargetImpl(IIZLjava/awt/Container$EventTargetFilter;ZZ)Ljava/awt/Component; @ 218
Event: 331.142 Thread 0x000000005959f800 Uncommon trap: reason=class_check action=maybe_recompile pc=0x000000000293147c method=javax.swing.Timer.fireActionPerformed(Ljava/awt/event/ActionEvent;)V @ 30
Event: 331.546 Thread 0x000000005959f800 Uncommon trap: reason=class_check action=maybe_recompile pc=0x0000000002c7b888 method=java.awt.EventQueue.dispatchEventImpl(Ljava/awt/AWTEvent;Ljava/lang/Object;)V @ 18
Event: 331.548 Thread 0x000000005959f800 Uncommon trap: reason=class_check action=maybe_recompile pc=0x0000000002c7b888 method=java.awt.EventQueue.dispatchEventImpl(Ljava/awt/AWTEvent;Ljava/lang/Object;)V @ 18
Event: 331.548 Thread 0x000000005959f800 Uncommon trap: reason=class_check action=maybe_recompile pc=0x0000000002c7b888 method=java.awt.EventQueue.dispatchEventImpl(Ljava/awt/AWTEvent;Ljava/lang/Object;)V @ 18
Event: 345.188 Thread 0x000000005959f800 Uncommon trap: reason=unstable_if action=reinterpret pc=0x00000000025c568c method=sun.swing.SwingUtilities2.drawStringUnderlineCharAt(Ljavax/swing/JComponent;Ljava/awt/Graphics;Ljava/lang/String;III)V @ 8

Classes redefined (0 events):
No events

Internal exceptions (10 events):
Event: 257.129 Thread 0x00000000572ea800 Exception <a 'java/net/SocketException': Socket closed> (0x00000000d5c9a2a8) thrown at [C:\re\workspace\8-2-build-windows-amd64-cygwin\jdk8u231\13620\hotspot\src\share\vm\prims\jni.cpp, line 736]
Event: 257.129 Thread 0x00000000572ea800 Exception <a 'java/net/SocketException': Socket closed> (0x00000000d5c9a700) thrown at [C:\re\workspace\8-2-build-windows-amd64-cygwin\jdk8u231\13620\hotspot\src\share\vm\prims\jni.cpp, line 736]
Event: 257.129 Thread 0x00000000572ea800 Exception <a 'java/net/SocketException': Socket closed> (0x00000000d5c9ab58) thrown at [C:\re\workspace\8-2-build-windows-amd64-cygwin\jdk8u231\13620\hotspot\src\share\vm\prims\jni.cpp, line 736]
Event: 257.129 Thread 0x00000000572ea800 Exception <a 'java/net/SocketException': Socket closed> (0x00000000d5c9afb0) thrown at [C:\re\workspace\8-2-build-windows-amd64-cygwin\jdk8u231\13620\hotspot\src\share\vm\prims\jni.cpp, line 736]
Event: 257.129 Thread 0x00000000572ea800 Exception <a 'java/net/SocketException': Socket closed> (0x00000000d5c9b408) thrown at [C:\re\workspace\8-2-build-windows-amd64-cygwin\jdk8u231\13620\hotspot\src\share\vm\prims\jni.cpp, line 736]
Event: 257.130 Thread 0x00000000572ea800 Exception <a 'java/net/SocketException': Socket closed> (0x00000000d5c9b860) thrown at [C:\re\workspace\8-2-build-windows-amd64-cygwin\jdk8u231\13620\hotspot\src\share\vm\prims\jni.cpp, line 736]
Event: 257.130 Thread 0x00000000572ea800 Exception <a 'java/net/SocketException': Socket closed> (0x00000000d5c9bcb8) thrown at [C:\re\workspace\8-2-build-windows-amd64-cygwin\jdk8u231\13620\hotspot\src\share\vm\prims\jni.cpp, line 736]
Event: 257.130 Thread 0x00000000572ea800 Exception <a 'java/net/SocketException': Socket closed> (0x00000000d5c9c110) thrown at [C:\re\workspace\8-2-build-windows-amd64-cygwin\jdk8u231\13620\hotspot\src\share\vm\prims\jni.cpp, line 736]
Event: 257.130 Thread 0x00000000572ea800 Exception <a 'java/net/SocketException': Socket closed> (0x00000000d5c9c568) thrown at [C:\re\workspace\8-2-build-windows-amd64-cygwin\jdk8u231\13620\hotspot\src\share\vm\prims\jni.cpp, line 736]
Event: 330.264 Thread 0x000000005983e800 Implicit null exception at 0x0000000002acfcf5 to 0x0000000002acfe89

Events (10 events):
Event: 331.548 Thread 0x000000005959f800 DEOPT PACKING pc=0x0000000002c7b888 sp=0x000000005a27e2a0
Event: 331.548 Thread 0x000000005959f800 DEOPT UNPACKING pc=0x00000000024a583b sp=0x000000005a27e170 mode 2
Event: 331.548 Thread 0x000000005959f800 Uncommon trap: trap_request=0xffffffde fr.pc=0x0000000002c7b888
Event: 331.548 Thread 0x000000005959f800 DEOPT PACKING pc=0x0000000002c7b888 sp=0x000000005a27e2a0
Event: 331.548 Thread 0x000000005959f800 DEOPT UNPACKING pc=0x00000000024a583b sp=0x000000005a27e170 mode 2
Event: 345.185 Thread 0x000000005959f800 DEOPT PACKING pc=0x00000000026f5f5a sp=0x000000005a27bcf0
Event: 345.185 Thread 0x000000005959f800 DEOPT UNPACKING pc=0x00000000024a7890 sp=0x000000005a27ba68 mode 0
Event: 345.188 Thread 0x000000005959f800 Uncommon trap: trap_request=0xffffff65 fr.pc=0x00000000025c568c
Event: 345.188 Thread 0x000000005959f800 DEOPT PACKING pc=0x00000000025c568c sp=0x000000005a27bc30
Event: 345.188 Thread 0x000000005959f800 DEOPT UNPACKING pc=0x00000000024a583b sp=0x000000005a27bb60 mode 2


Dynamic libraries:
0x000000013f500000 - 0x000000013f537000 	C:\Program Files\Java\jre1.8.0_231\bin\javaw.exe
0x0000000077610000 - 0x00000000777ba000 	C:\Windows\SYSTEM32\ntdll.dll
0x00000000774f0000 - 0x000000007760f000 	C:\Windows\system32\kernel32.dll
0x000007fefd4b0000 - 0x000007fefd51a000 	C:\Windows\system32\KERNELBASE.dll
0x000007feff7a0000 - 0x000007feff87b000 	C:\Windows\system32\ADVAPI32.dll
0x000007fefe7e0000 - 0x000007fefe87f000 	C:\Windows\system32\msvcrt.dll
0x000007feff880000 - 0x000007feff89f000 	C:\Windows\SYSTEM32\sechost.dll
0x000007fefd700000 - 0x000007fefd82d000 	C:\Windows\system32\RPCRT4.dll
0x00000000773f0000 - 0x00000000774ea000 	C:\Windows\system32\USER32.dll
0x000007fefdd00000 - 0x000007fefdd67000 	C:\Windows\system32\GDI32.dll
0x000007fefe430000 - 0x000007fefe43e000 	C:\Windows\system32\LPK.dll
0x000007fefd880000 - 0x000007fefd94a000 	C:\Windows\system32\USP10.dll
0x000007fefbed0000 - 0x000007fefc0c4000 	C:\Windows\WinSxS\amd64_microsoft.windows.common-controls_6595b64144ccf1df_6.0.7601.18837_none_fa3b1e3d17594757\COMCTL32.dll
0x000007feff640000 - 0x000007feff6b1000 	C:\Windows\system32\SHLWAPI.dll
0x000007feff610000 - 0x000007feff63e000 	C:\Windows\system32\IMM32.DLL
0x000007fefe2c0000 - 0x000007fefe3c9000 	C:\Windows\system32\MSCTF.dll
0x0000000070750000 - 0x0000000070822000 	C:\Program Files\Java\jre1.8.0_231\bin\msvcr100.dll
0x000000006bf40000 - 0x000000006c7e6000 	C:\Program Files\Java\jre1.8.0_231\bin\server\jvm.dll
0x000007fef14b0000 - 0x000007fef14b9000 	C:\Windows\system32\WSOCK32.dll
0x000007fefd830000 - 0x000007fefd87d000 	C:\Windows\system32\WS2_32.dll
0x000007fefdcd0000 - 0x000007fefdcd8000 	C:\Windows\system32\NSI.dll
0x000007fef9c20000 - 0x000007fef9c5b000 	C:\Windows\system32\WINMM.dll
0x000007fefca10000 - 0x000007fefca1c000 	C:\Windows\system32\VERSION.dll
0x00000000777d0000 - 0x00000000777d7000 	C:\Windows\system32\PSAPI.DLL
0x000007fef3b80000 - 0x000007fef3b8f000 	C:\Program Files\Java\jre1.8.0_231\bin\verify.dll
0x000007fef3b50000 - 0x000007fef3b79000 	C:\Program Files\Java\jre1.8.0_231\bin\java.dll
0x000007fef3b30000 - 0x000007fef3b46000 	C:\Program Files\Java\jre1.8.0_231\bin\zip.dll
0x000007fefe880000 - 0x000007feff60a000 	C:\Windows\system32\SHELL32.dll
0x000007fefe440000 - 0x000007fefe643000 	C:\Windows\system32\ole32.dll
0x000007fefd340000 - 0x000007fefd34f000 	C:\Windows\system32\profapi.dll
0x000007fee8710000 - 0x000007fee88aa000 	C:\Program Files\Java\jre1.8.0_231\bin\awt.dll
0x000007feff6c0000 - 0x000007feff79a000 	C:\Windows\system32\OLEAUT32.dll
0x000007fefb8c0000 - 0x000007fefb916000 	C:\Windows\system32\uxtheme.dll
0x000007fefb100000 - 0x000007fefb118000 	C:\Windows\system32\dwmapi.dll
0x000007fefd1a0000 - 0x000007fefd1af000 	C:\Windows\system32\CRYPTBASE.dll
0x000007fee8200000 - 0x000007fee831d000 	C:\Windows\system32\opengl32.dll
0x000007fee9dd0000 - 0x000007fee9dfd000 	C:\Windows\system32\GLU32.dll
0x000007fee8d60000 - 0x000007fee8e51000 	C:\Windows\system32\DDRAW.dll
0x000007fefa2c0000 - 0x000007fefa2c8000 	C:\Windows\system32\DCIMAN32.dll
0x000007fefe0e0000 - 0x000007fefe2b7000 	C:\Windows\system32\SETUPAPI.dll
0x000007fefd690000 - 0x000007fefd6c6000 	C:\Windows\system32\CFGMGR32.dll
0x000007fefd450000 - 0x000007fefd46a000 	C:\Windows\system32\DEVOBJ.dll
0x000007fef3090000 - 0x000007fef30d9000 	C:\Program Files\Java\jre1.8.0_231\bin\fontmanager.dll
0x000007fef3070000 - 0x000007fef308a000 	C:\Program Files\Java\jre1.8.0_231\bin\net.dll
0x000007fefca60000 - 0x000007fefcab5000 	C:\Windows\system32\mswsock.dll
0x000007fefcd40000 - 0x000007fefcd47000 	C:\Windows\System32\wship6.dll
0x000007fef3050000 - 0x000007fef3062000 	C:\Program Files\Java\jre1.8.0_231\bin\nio.dll
0x000007fefe040000 - 0x000007fefe0d9000 	C:\Windows\system32\CLBCatQ.DLL
0x000007fefacc0000 - 0x000007fefae21000 	C:\Windows\system32\WindowsCodecs.dll
0x000007fefd140000 - 0x000007fefd197000 	C:\Windows\system32\apphelp.dll
0x000007fef56c0000 - 0x000007fef56f5000 	C:\Windows\system32\EhStorShell.dll
0x000007fefb920000 - 0x000007fefba4c000 	C:\Windows\system32\PROPSYS.dll
0x000007fef4b20000 - 0x000007fef518f000 	C:\PROGRA~1\MICROS~2\Office14\GROOVEEX.DLL
0x0000000074480000 - 0x0000000074523000 	C:\Windows\WinSxS\amd64_microsoft.vc90.crt_1fc8b3b9a1e18e3b_9.0.30729.6161_none_08e61857a83bc251\MSVCR90.dll
0x00000000743a0000 - 0x0000000074473000 	C:\Windows\WinSxS\amd64_microsoft.vc90.crt_1fc8b3b9a1e18e3b_9.0.30729.6161_none_08e61857a83bc251\MSVCP90.dll
0x0000000074ba0000 - 0x0000000074bcf000 	C:\Windows\WinSxS\amd64_microsoft.vc90.atl_1fc8b3b9a1e18e3b_9.0.30729.6161_none_0a1fd3a3a768b895\ATL90.DLL
0x000007fef2bf0000 - 0x000007fef300a000 	C:\PROGRA~1\COMMON~1\MICROS~1\OFFICE14\Cultures\office.odf
0x000007fef2370000 - 0x000007fef2beb000 	C:\PROGRA~1\MICROS~2\Office14\1046\GrooveIntlResource.dll
0x000007fef3d20000 - 0x000007fef3d9e000 	C:\Windows\System32\cscui.dll
0x000007fef4ab0000 - 0x000007fef4abc000 	C:\Windows\System32\CSCDLL.dll
0x000007fefa130000 - 0x000007fefa13f000 	C:\Windows\system32\CSCAPI.dll
0x000007fef22f0000 - 0x000007fef2370000 	C:\Windows\system32\ntshrui.dll
0x000007fefcd50000 - 0x000007fefcd73000 	C:\Windows\system32\srvcli.dll
0x000007fefafc0000 - 0x000007fefafcb000 	C:\Windows\system32\slc.dll
0x000007feeb680000 - 0x000007feeb6c2000 	C:\Program Files\Java\jre1.8.0_231\bin\t2k.dll

VM Arguments:
jvm_args: -Dfile.encoding=Cp1252 
java_command: View.TelaRelatorioGerencialAnual
java_class_path (initial): C:\Users\Informatica01\workspace\ProtocoloPontoEpi\bin;C:\Users\Informatica01\workspace\ProtocoloPontoEpi\miglayout15-swing.jar;D:\Documentos\Desktop\Driver POSTGRESQL\postgresql-9.4-1201.jdbc4.jar;C:\Users\Informatica01\workspace\ProtocoloPontoEpi\Biblioteca\commons-beanutils-1.8.2.jar;C:\Users\Informatica01\workspace\ProtocoloPontoEpi\Biblioteca\commons-collections-3.2.1.jar;C:\Users\Informatica01\workspace\ProtocoloPontoEpi\Biblioteca\commons-digester-2.1.jar;C:\Users\Informatica01\workspace\ProtocoloPontoEpi\Biblioteca\commons-logging-1.1.jar;C:\Users\Informatica01\workspace\ProtocoloPontoEpi\Biblioteca\groovy-all-2.0.1.jar;C:\Users\Informatica01\workspace\ProtocoloPontoEpi\Biblioteca\iText-2.1.7.js2.jar;C:\Users\Informatica01\workspace\ProtocoloPontoEpi\Biblioteca\jasperreports-5.6.0.jar;C:\Users\Informatica01\workspace\ProtocoloPontoEpi\Biblioteca\jasperreports-fonts-5.6.0.jar
Launcher Type: SUN_STANDARD

Environment Variables:
JAVA_HOME=C:\Program Files\Java\jre1.8.0_231
CLASSPATH=.;JAVA_HOME
PATH=D:/Documentos/Desktop/ECLIPSE JAVA/eclipse//plugins/org.eclipse.justj.openjdk.hotspot.jre.full.win32.x86_64_15.0.1.v20201027-0507/jre/bin/server;D:/Documentos/Desktop/ECLIPSE JAVA/eclipse//plugins/org.eclipse.justj.openjdk.hotspot.jre.full.win32.x86_64_15.0.1.v20201027-0507/jre/bin;C:\Program Files (x86)\Common Files\Oracle\Java\javapath;C:\ProgramData\Oracle\Java\javapath;C:\Oracle\product\11.2.0\client_1\bin;C:\Program Files\Common Files\Microsoft Shared\Windows Live;C:\Program Files (x86)\Common Files\Microsoft Shared\Windows Live;C:\Windows\system32;C:\Windows;C:\Windows\System32\Wbem;C:\Windows\System32\WindowsPowerShell\v1.0\;C:\Program Files (x86)\Microsoft SQL Server\100\Tools\Binn\;C:\Program Files\Microsoft SQL Server\100\Tools\Binn\;C:\Program Files\Microsoft SQL Server\100\DTS\Binn\;C:\Program Files (x86)\Windows Live\Shared;C:\Program Files (x86)\Brackets\command;C:\Program Files (x86)\Print Conductor;C:\Program Files\Java\jre1.8.0_231\bin;C:\Program Files\Git\cmd;C:\Program Files (x86)\Spiceworks\Nmap;C:\Program Files (x86)\Print Conductor;;D:\Documentos\Desktop\ECLIPSE JAVA\eclipse;
USERNAME=Informatica01
OS=Windows_NT
PROCESSOR_IDENTIFIER=Intel64 Family 6 Model 42 Stepping 7, GenuineIntel



---------------  S Y S T E M  ---------------

OS: Windows 7 , 64 bit Build 7601 (6.1.7601.23539)

CPU:total 4 (initial active 4) (2 cores per cpu, 2 threads per core) family 6 model 42 stepping 7, cmov, cx8, fxsr, mmx, sse, sse2, sse3, ssse3, sse4.1, sse4.2, popcnt, avx, clmul, ht, tsc, tscinvbit

Memory: 4k page, physical 8299140k(2319328k free), swap 8297280k(3968k free)

vm_info: Java HotSpot(TM) 64-Bit Server VM (25.231-b11) for windows-amd64 JRE (1.8.0_231-b11), built on Oct  5 2019 03:11:30 by "java_re" with MS VC++ 10.0 (VS2010)

time: Wed Oct 06 11:19:39 2021
timezone: Hora oficial do Brasil
elapsed time: 350 seconds (0d 0h 5m 50s)

