#
# There is insufficient memory for the Java Runtime Environment to continue.
# Native memory allocation (malloc) failed to allocate 800016 bytes for Chunk::new
# Possible reasons:
#   The system is out of physical RAM or swap space
#   The process is running with CompressedOops enabled, and the Java Heap may be blocking the growth of the native heap
# Possible solutions:
#   Reduce memory load on the system
#   Increase physical memory or swap space
#   Check if swap backing store is full
#   Decrease Java heap size (-Xmx/-Xms)
#   Decrease number of Java threads
#   Decrease Java thread stack sizes (-Xss)
#   Set larger code cache with -XX:ReservedCodeCacheSize=
#   JVM is running with Unscaled Compressed Oops mode in which the Java heap is
#     placed in the first 4GB address space. The Java Heap base address is the
#     maximum limit for the native heap growth. Please use -XX:HeapBaseMinAddress
#     to set the Java Heap base and to place the Java Heap above 4GB virtual address.
# This output file may be truncated or incomplete.
#
#  Out of Memory Error (allocation.cpp:389), pid=7272, tid=0x0000000000001fd4
#
# JRE version: Java(TM) SE Runtime Environment (8.0_231-b11) (build 1.8.0_231-b11)
# Java VM: Java HotSpot(TM) 64-Bit Server VM (25.231-b11 mixed mode windows-amd64 compressed oops)
# Failed to write core dump. Minidumps are not enabled by default on client versions of Windows
#

---------------  T H R E A D  ---------------

Current thread (0x0000000058b37000):  JavaThread "C2 CompilerThread1" daemon [_thread_in_native, id=8148, stack(0x0000000059050000,0x0000000059150000)]

Stack: [0x0000000059050000,0x0000000059150000]
[error occurred during error reporting (printing stack bounds), id 0xc0000005]

Native frames: (J=compiled Java code, j=interpreted, Vv=VM code, C=native code)


Current CompileTask:
C2:  44305 2256       4       java.awt.Component::setBounds (10 bytes)


---------------  P R O C E S S  ---------------

Java Threads: ( => current thread )
  0x0000000059abe800 JavaThread "Image Fetcher 0" daemon [_thread_blocked, id=10108, stack(0x000000005a730000,0x000000005a830000)]
  0x00000000599ab000 JavaThread "TimerQueue" daemon [_thread_blocked, id=1828, stack(0x000000005c580000,0x000000005c680000)]
  0x0000000001fcf000 JavaThread "DestroyJavaVM" [_thread_blocked, id=9124, stack(0x0000000002150000,0x0000000002250000)]
  0x0000000059666800 JavaThread "AWT-EventQueue-0" [_thread_blocked, id=2444, stack(0x000000005a3b0000,0x000000005a4b0000)]
  0x000000005965c000 JavaThread "AWT-Windows" daemon [_thread_in_native, id=9260, stack(0x000000005a130000,0x000000005a230000)]
  0x0000000059659000 JavaThread "AWT-Shutdown" [_thread_blocked, id=7680, stack(0x00000000593f0000,0x00000000594f0000)]
  0x0000000059658000 JavaThread "Java2D Disposer" daemon [_thread_blocked, id=9244, stack(0x0000000059ec0000,0x0000000059fc0000)]
  0x0000000058b66000 JavaThread "Service Thread" daemon [_thread_blocked, id=6676, stack(0x0000000059250000,0x0000000059350000)]
  0x0000000058b38000 JavaThread "C1 CompilerThread2" daemon [_thread_blocked, id=9700, stack(0x00000000583d0000,0x00000000584d0000)]
=>0x0000000058b37000 JavaThread "C2 CompilerThread1" daemon [_thread_in_native, id=8148, stack(0x0000000059050000,0x0000000059150000)]
  0x00000000573e8800 JavaThread "C2 CompilerThread0" daemon [_thread_blocked, id=8352, stack(0x0000000058a30000,0x0000000058b30000)]
  0x00000000573e7000 JavaThread "Attach Listener" daemon [_thread_blocked, id=9516, stack(0x0000000058930000,0x0000000058a30000)]
  0x00000000573e3000 JavaThread "Signal Dispatcher" daemon [_thread_blocked, id=1740, stack(0x00000000587d0000,0x00000000588d0000)]
  0x00000000573ca800 JavaThread "Finalizer" daemon [_thread_blocked, id=9412, stack(0x0000000058690000,0x0000000058790000)]
  0x0000000057383800 JavaThread "Reference Handler" daemon [_thread_blocked, id=9448, stack(0x0000000058500000,0x0000000058600000)]

Other Threads:
  0x000000005737c000 VMThread [stack: 0x0000000058280000,0x0000000058380000] [id=5428]
  0x0000000058b85800 WatcherThread [stack: 0x00000000594f0000,0x00000000595f0000] [id=2096]

VM state:not at safepoint (normal execution)

VM Mutex/Monitor currently owned by a thread: None

heap address: 0x0000000081400000, size: 2028 MB, Compressed Oops mode: 32-bit
Narrow klass base: 0x0000000000000000, Narrow klass shift: 0
Compressed class space size: 1073741824 Address: 0x00000000169f0000

Heap:
 PSYoungGen      total 38400K, used 23427K [0x00000000d5c00000, 0x00000000d8680000, 0x0000000100000000)
  eden space 33280K, 70% used [0x00000000d5c00000,0x00000000d72e0e00,0x00000000d7c80000)
  from space 5120K, 0% used [0x00000000d7c80000,0x00000000d7c80000,0x00000000d8180000)
  to   space 5120K, 0% used [0x00000000d8180000,0x00000000d8180000,0x00000000d8680000)
 ParOldGen       total 53248K, used 11817K [0x0000000081400000, 0x0000000084800000, 0x00000000d5c00000)
  object space 53248K, 22% used [0x0000000081400000,0x0000000081f8a558,0x0000000084800000)
 Metaspace       used 17242K, capacity 17576K, committed 17920K, reserved 1064960K
  class space    used 2174K, capacity 2268K, committed 2304K, reserved 1048576K

Card table byte_map: [0x00000000118e0000,0x0000000011ce0000] byte_map_base: 0x00000000114d6000

Marking Bits: (ParMarkBitMap*) 0x0000000065626d90
 Begin Bits: [0x0000000012690000, 0x0000000014640000)
 End Bits:   [0x0000000014640000, 0x00000000165f0000)

Polling page: 0x0000000000210000

CodeCache: size=245760Kb used=7147Kb max_used=7165Kb free=238612Kb
 bounds [0x0000000002520000, 0x0000000002c30000, 0x0000000011520000]
 total_blobs=2773 nmethods=2233 adapters=450
 compilation: enabled

Compilation events (10 events):
Event: 44.221 Thread 0x0000000058b38000 2258       3       java.awt.Component::areInputMethodsEnabled (39 bytes)
Event: 44.221 Thread 0x0000000058b38000 nmethod 2258 0x0000000002bf72d0 code [0x0000000002bf7420, 0x0000000002bf7670]
Event: 44.221 Thread 0x0000000058b38000 2259       3       java.awt.EventQueue$4::run (5 bytes)
Event: 44.222 Thread 0x0000000058b38000 nmethod 2259 0x0000000002bf8890 code [0x0000000002bf8a80, 0x0000000002bf9138]
Event: 44.222 Thread 0x0000000058b38000 2260       3       java.awt.EventQueue$4::run (19 bytes)
Event: 44.222 Thread 0x0000000058b38000 nmethod 2260 0x0000000002bfc690 code [0x0000000002bfc880, 0x0000000002bfceb8]
Event: 44.222 Thread 0x0000000058b38000 2261       3       java.awt.EventQueue::access$700 (4 bytes)
Event: 44.223 Thread 0x0000000058b38000 nmethod 2261 0x0000000002bf8550 code [0x0000000002bf86a0, 0x0000000002bf87d0]
Event: 44.246 Thread 0x00000000573e8800 nmethod 2239 0x0000000002c1fc90 code [0x0000000002c20080, 0x0000000002c22ad8]
Event: 44.286 Thread 0x00000000573e8800 2262       4       sun.java2d.SurfaceData::validatePipe (785 bytes)

GC Heap History (4 events):
Event: 41.287 GC heap before
{Heap before GC invocations=1 (full 0):
 PSYoungGen      total 38400K, used 29216K [0x00000000d5c00000, 0x00000000d8680000, 0x0000000100000000)
  eden space 33280K, 87% used [0x00000000d5c00000,0x00000000d7888090,0x00000000d7c80000)
  from space 5120K, 0% used [0x00000000d8180000,0x00000000d8180000,0x00000000d8680000)
  to   space 5120K, 0% used [0x00000000d7c80000,0x00000000d7c80000,0x00000000d8180000)
 ParOldGen       total 87552K, used 0K [0x0000000081400000, 0x0000000086980000, 0x00000000d5c00000)
  object space 87552K, 0% used [0x0000000081400000,0x0000000081400000,0x0000000086980000)
 Metaspace       used 15782K, capacity 16032K, committed 16128K, reserved 1062912K
  class space    used 1946K, capacity 2030K, committed 2048K, reserved 1048576K
Event: 41.299 GC heap after
Heap after GC invocations=1 (full 0):
 PSYoungGen      total 38400K, used 4195K [0x00000000d5c00000, 0x00000000d8680000, 0x0000000100000000)
  eden space 33280K, 0% used [0x00000000d5c00000,0x00000000d5c00000,0x00000000d7c80000)
  from space 5120K, 81% used [0x00000000d7c80000,0x00000000d8098c98,0x00000000d8180000)
  to   space 5120K, 0% used [0x00000000d8180000,0x00000000d8180000,0x00000000d8680000)
 ParOldGen       total 87552K, used 7718K [0x0000000081400000, 0x0000000086980000, 0x00000000d5c00000)
  object space 87552K, 8% used [0x0000000081400000,0x0000000081b89810,0x0000000086980000)
 Metaspace       used 15782K, capacity 16032K, committed 16128K, reserved 1062912K
  class space    used 1946K, capacity 2030K, committed 2048K, reserved 1048576K
}
Event: 41.299 GC heap before
{Heap before GC invocations=2 (full 1):
 PSYoungGen      total 38400K, used 4195K [0x00000000d5c00000, 0x00000000d8680000, 0x0000000100000000)
  eden space 33280K, 0% used [0x00000000d5c00000,0x00000000d5c00000,0x00000000d7c80000)
  from space 5120K, 81% used [0x00000000d7c80000,0x00000000d8098c98,0x00000000d8180000)
  to   space 5120K, 0% used [0x00000000d8180000,0x00000000d8180000,0x00000000d8680000)
 ParOldGen       total 87552K, used 7718K [0x0000000081400000, 0x0000000086980000, 0x00000000d5c00000)
  object space 87552K, 8% used [0x0000000081400000,0x0000000081b89810,0x0000000086980000)
 Metaspace       used 15782K, capacity 16032K, committed 16128K, reserved 1062912K
  class space    used 1946K, capacity 2030K, committed 2048K, reserved 1048576K
Event: 41.367 GC heap after
Heap after GC invocations=2 (full 1):
 PSYoungGen      total 38400K, used 0K [0x00000000d5c00000, 0x00000000d8680000, 0x0000000100000000)
  eden space 33280K, 0% used [0x00000000d5c00000,0x00000000d5c00000,0x00000000d7c80000)
  from space 5120K, 0% used [0x00000000d7c80000,0x00000000d7c80000,0x00000000d8180000)
  to   space 5120K, 0% used [0x00000000d8180000,0x00000000d8180000,0x00000000d8680000)
 ParOldGen       total 53248K, used 11817K [0x0000000081400000, 0x0000000084800000, 0x00000000d5c00000)
  object space 53248K, 22% used [0x0000000081400000,0x0000000081f8a558,0x0000000084800000)
 Metaspace       used 15782K, capacity 16032K, committed 16128K, reserved 1062912K
  class space    used 1946K, capacity 2030K, committed 2048K, reserved 1048576K
}

Deoptimization events (10 events):
Event: 41.386 Thread 0x0000000059666800 Uncommon trap: reason=class_check action=maybe_recompile pc=0x00000000029f01dc method=java.util.concurrent.locks.AbstractQueuedSynchronizer.release(I)Z @ 2
Event: 41.390 Thread 0x0000000059666800 Uncommon trap: reason=class_check action=maybe_recompile pc=0x00000000029f01dc method=java.util.concurrent.locks.AbstractQueuedSynchronizer.release(I)Z @ 2
Event: 42.784 Thread 0x0000000059666800 Uncommon trap: reason=bimorphic action=maybe_recompile pc=0x00000000028ea1d0 method=java.util.HashMap.putVal(ILjava/lang/Object;Ljava/lang/Object;ZZ)Ljava/lang/Object; @ 91
Event: 42.949 Thread 0x0000000059666800 Uncommon trap: reason=bimorphic action=maybe_recompile pc=0x00000000028ea1d0 method=java.util.HashMap.putVal(ILjava/lang/Object;Ljava/lang/Object;ZZ)Ljava/lang/Object; @ 91
Event: 43.124 Thread 0x0000000059666800 Uncommon trap: reason=bimorphic action=maybe_recompile pc=0x00000000028ea1d0 method=java.util.HashMap.putVal(ILjava/lang/Object;Ljava/lang/Object;ZZ)Ljava/lang/Object; @ 91
Event: 43.315 Thread 0x0000000059666800 Uncommon trap: reason=bimorphic action=maybe_recompile pc=0x00000000028ea1d0 method=java.util.HashMap.putVal(ILjava/lang/Object;Ljava/lang/Object;ZZ)Ljava/lang/Object; @ 91
Event: 43.341 Thread 0x0000000059666800 Uncommon trap: reason=unstable_if action=reinterpret pc=0x0000000002aba6ac method=sun.nio.cs.UTF_8$Decoder.decode([BII[C)I @ 90
Event: 43.858 Thread 0x0000000059666800 Uncommon trap: reason=unstable_if action=reinterpret pc=0x0000000002ae7dcc method=java.util.concurrent.ConcurrentHashMap.get(Ljava/lang/Object;)Ljava/lang/Object; @ 76
Event: 43.871 Thread 0x0000000059666800 Uncommon trap: reason=class_check action=maybe_recompile pc=0x00000000029f01dc method=java.util.concurrent.locks.AbstractQueuedSynchronizer.release(I)Z @ 2
Event: 43.904 Thread 0x0000000059666800 Uncommon trap: reason=unstable_if action=reinterpret pc=0x00000000029f2c10 method=javax.swing.SwingUtilities.computeIntersection(IIIILjava/awt/Rectangle;)Ljava/awt/Rectangle; @ 34

Classes redefined (0 events):
No events

Internal exceptions (10 events):
Event: 18.244 Thread 0x0000000001fcf000 Exception <a 'java/lang/NoSuchFieldError': method resolution failed> (0x00000000d5e3e928) thrown at [C:\re\workspace\8-2-build-windows-amd64-cygwin\jdk8u231\13620\hotspot\src\share\vm\prims\methodHandles.cpp, line 1167]
Event: 19.146 Thread 0x0000000059666800 Exception <a 'java/io/FileNotFoundException'> (0x00000000d6009030) thrown at [C:\re\workspace\8-2-build-windows-amd64-cygwin\jdk8u231\13620\hotspot\src\share\vm\prims\jni.cpp, line 710]
Event: 20.145 Thread 0x0000000059666800 Exception <a 'java/lang/ClassNotFoundException': java/lang/ObjectCustomizer> (0x00000000d619e018) thrown at [C:\re\workspace\8-2-build-windows-amd64-cygwin\jdk8u231\13620\hotspot\src\share\vm\classfile\systemDictionary.cpp, line 210]
Event: 20.148 Thread 0x0000000059666800 Exception <a 'java/lang/ArrayIndexOutOfBoundsException': 18> (0x00000000d61a0a78) thrown at [C:\re\workspace\8-2-build-windows-amd64-cygwin\jdk8u231\13620\hotspot\src\share\vm\interpreter\interpreterRuntime.cpp, line 368]
Event: 20.149 Thread 0x0000000059666800 Exception <a 'java/lang/ArrayIndexOutOfBoundsException': 22> (0x00000000d61a3dd8) thrown at [C:\re\workspace\8-2-build-windows-amd64-cygwin\jdk8u231\13620\hotspot\src\share\vm\interpreter\interpreterRuntime.cpp, line 368]
Event: 20.150 Thread 0x0000000059666800 Exception <a 'java/lang/ArrayIndexOutOfBoundsException': 160> (0x00000000d61a61b0) thrown at [C:\re\workspace\8-2-build-windows-amd64-cygwin\jdk8u231\13620\hotspot\src\share\vm\interpreter\interpreterRuntime.cpp, line 368]
Event: 20.153 Thread 0x0000000059666800 Exception <a 'java/lang/ClassNotFoundException': net/miginfocom/layout/UnitValueCustomizer> (0x00000000d61ad2f0) thrown at [C:\re\workspace\8-2-build-windows-amd64-cygwin\jdk8u231\13620\hotspot\src\share\vm\classfile\systemDictionary.cpp, line 210]
Event: 20.157 Thread 0x0000000059666800 Exception <a 'java/lang/ClassNotFoundException': java/lang/ObjectCustomizer> (0x00000000d61c7508) thrown at [C:\re\workspace\8-2-build-windows-amd64-cygwin\jdk8u231\13620\hotspot\src\share\vm\classfile\systemDictionary.cpp, line 210]
Event: 20.158 Thread 0x0000000059666800 Exception <a 'java/lang/ClassNotFoundException': net/miginfocom/layout/BoundSizeCustomizer> (0x00000000d61d0258) thrown at [C:\re\workspace\8-2-build-windows-amd64-cygwin\jdk8u231\13620\hotspot\src\share\vm\classfile\systemDictionary.cpp, line 210]
Event: 41.376 Thread 0x00000000573ca800 Exception <a 'java/net/SocketException': Socket closed> (0x00000000d5ddc248) thrown at [C:\re\workspace\8-2-build-windows-amd64-cygwin\jdk8u231\13620\hotspot\src\share\vm\prims\jni.cpp, line 736]

Events (10 events):
Event: 44.022 Executing VM operation: ForceSafepoint
Event: 44.022 Executing VM operation: ForceSafepoint done
Event: 44.053 loading class javax/swing/event/AncestorEvent
Event: 44.053 loading class javax/swing/event/AncestorEvent done
Event: 44.060 loading class javax/swing/JTable$5
Event: 44.060 loading class javax/swing/JTable$5 done
Event: 44.158 Thread 0x0000000059666800 DEOPT PACKING pc=0x0000000002b2bdf6 sp=0x000000005a4ab670
Event: 44.158 Thread 0x0000000059666800 DEOPT UNPACKING pc=0x0000000002567890 sp=0x000000005a4ab3a0 mode 0
Event: 44.176 Thread 0x0000000059666800 DEOPT PACKING pc=0x0000000002bce2fd sp=0x000000005a4ab6c0
Event: 44.176 Thread 0x0000000059666800 DEOPT UNPACKING pc=0x0000000002567890 sp=0x000000005a4ab398 mode 0


Dynamic libraries:
0x000000013f2d0000 - 0x000000013f307000 	C:\Program Files\Java\jre1.8.0_231\bin\javaw.exe
0x00000000774f0000 - 0x000000007769a000 	C:\Windows\SYSTEM32\ntdll.dll
0x00000000773d0000 - 0x00000000774ef000 	C:\Windows\system32\kernel32.dll
0x000007fefd4b0000 - 0x000007fefd51a000 	C:\Windows\system32\KERNELBASE.dll
0x000007fefe4e0000 - 0x000007fefe5bb000 	C:\Windows\system32\ADVAPI32.dll
0x000007fefd9d0000 - 0x000007fefda6f000 	C:\Windows\system32\msvcrt.dll
0x000007fefdbe0000 - 0x000007fefdbff000 	C:\Windows\SYSTEM32\sechost.dll
0x000007fefdfa0000 - 0x000007fefe0cd000 	C:\Windows\system32\RPCRT4.dll
0x00000000772d0000 - 0x00000000773ca000 	C:\Windows\system32\USER32.dll
0x000007fefdf20000 - 0x000007fefdf87000 	C:\Windows\system32\GDI32.dll
0x000007fefdf90000 - 0x000007fefdf9e000 	C:\Windows\system32\LPK.dll
0x000007fefe5c0000 - 0x000007fefe68a000 	C:\Windows\system32\USP10.dll
0x000007fefb660000 - 0x000007fefb854000 	C:\Windows\WinSxS\amd64_microsoft.windows.common-controls_6595b64144ccf1df_6.0.7601.18837_none_fa3b1e3d17594757\COMCTL32.dll
0x000007fefdb50000 - 0x000007fefdbc1000 	C:\Windows\system32\SHLWAPI.dll
0x000007fefea40000 - 0x000007fefea6e000 	C:\Windows\system32\IMM32.DLL
0x000007fefe3d0000 - 0x000007fefe4d9000 	C:\Windows\system32\MSCTF.dll
0x000000006dc20000 - 0x000000006dcf2000 	C:\Program Files\Java\jre1.8.0_231\bin\msvcr100.dll
0x0000000064e00000 - 0x00000000656a6000 	C:\Program Files\Java\jre1.8.0_231\bin\server\jvm.dll
0x000007fefb1b0000 - 0x000007fefb1b9000 	C:\Windows\system32\WSOCK32.dll
0x000007fefded0000 - 0x000007fefdf1d000 	C:\Windows\system32\WS2_32.dll
0x000007fefdbd0000 - 0x000007fefdbd8000 	C:\Windows\system32\NSI.dll
0x000007fef81f0000 - 0x000007fef822b000 	C:\Windows\system32\WINMM.dll
0x000007fefc370000 - 0x000007fefc37c000 	C:\Windows\system32\VERSION.dll
0x00000000776b0000 - 0x00000000776b7000 	C:\Windows\system32\PSAPI.DLL
0x000007feeb0d0000 - 0x000007feeb0df000 	C:\Program Files\Java\jre1.8.0_231\bin\verify.dll
0x000007feeaeb0000 - 0x000007feeaed9000 	C:\Program Files\Java\jre1.8.0_231\bin\java.dll
0x000007feeaf70000 - 0x000007feeaf86000 	C:\Program Files\Java\jre1.8.0_231\bin\zip.dll
0x000007fefea70000 - 0x000007feff7fa000 	C:\Windows\system32\SHELL32.dll
0x000007fefd5e0000 - 0x000007fefd7e3000 	C:\Windows\system32\ole32.dll
0x000007fefd220000 - 0x000007fefd22f000 	C:\Windows\system32\profapi.dll
0x000007fee57e0000 - 0x000007fee597a000 	C:\Program Files\Java\jre1.8.0_231\bin\awt.dll
0x000007fefda70000 - 0x000007fefdb4a000 	C:\Windows\system32\OLEAUT32.dll
0x000007fefabc0000 - 0x000007fefac16000 	C:\Windows\system32\uxtheme.dll
0x000007fefa370000 - 0x000007fefa388000 	C:\Windows\system32\dwmapi.dll
0x000007fefd0c0000 - 0x000007fefd0cf000 	C:\Windows\system32\CRYPTBASE.dll
0x000007fee6790000 - 0x000007fee68ad000 	C:\Windows\system32\opengl32.dll
0x000007feeae60000 - 0x000007feeae8d000 	C:\Windows\system32\GLU32.dll
0x000007fee5680000 - 0x000007fee5771000 	C:\Windows\system32\DDRAW.dll
0x000007feeaf60000 - 0x000007feeaf68000 	C:\Windows\system32\DCIMAN32.dll
0x000007fefd7f0000 - 0x000007fefd9c7000 	C:\Windows\system32\SETUPAPI.dll
0x000007fefd3b0000 - 0x000007fefd3e6000 	C:\Windows\system32\CFGMGR32.dll
0x000007fefd540000 - 0x000007fefd55a000 	C:\Windows\system32\DEVOBJ.dll
0x000007fee9d60000 - 0x000007fee9da9000 	C:\Program Files\Java\jre1.8.0_231\bin\fontmanager.dll
0x000007feeae90000 - 0x000007feeaeaa000 	C:\Program Files\Java\jre1.8.0_231\bin\net.dll
0x000007fefc9c0000 - 0x000007fefca15000 	C:\Windows\system32\mswsock.dll
0x000007fefc9b0000 - 0x000007fefc9b7000 	C:\Windows\System32\wship6.dll
0x000007fee82d0000 - 0x000007fee82e2000 	C:\Program Files\Java\jre1.8.0_231\bin\nio.dll
0x000007fee8050000 - 0x000007fee8092000 	C:\Program Files\Java\jre1.8.0_231\bin\t2k.dll
0x000007fefde30000 - 0x000007fefdec9000 	C:\Windows\system32\CLBCatQ.DLL
0x000007fefa670000 - 0x000007fefa7d1000 	C:\Windows\system32\WindowsCodecs.dll
0x000007fefd020000 - 0x000007fefd077000 	C:\Windows\system32\apphelp.dll
0x000007fef2da0000 - 0x000007fef2dd5000 	C:\Windows\system32\EhStorShell.dll
0x000007fefbd50000 - 0x000007fefbe7c000 	C:\Windows\system32\PROPSYS.dll
0x000007fef26b0000 - 0x000007fef2d1f000 	C:\PROGRA~1\MICROS~2\Office14\GROOVEEX.DLL
0x0000000073740000 - 0x00000000737e3000 	C:\Windows\WinSxS\amd64_microsoft.vc90.crt_1fc8b3b9a1e18e3b_9.0.30729.6161_none_08e61857a83bc251\MSVCR90.dll
0x0000000073660000 - 0x0000000073733000 	C:\Windows\WinSxS\amd64_microsoft.vc90.crt_1fc8b3b9a1e18e3b_9.0.30729.6161_none_08e61857a83bc251\MSVCP90.dll
0x0000000073530000 - 0x000000007355f000 	C:\Windows\WinSxS\amd64_microsoft.vc90.atl_1fc8b3b9a1e18e3b_9.0.30729.6161_none_0a1fd3a3a768b895\ATL90.DLL
0x000007fef1cd0000 - 0x000007fef20ea000 	C:\PROGRA~1\COMMON~1\MICROS~1\OFFICE14\Cultures\office.odf
0x000007feefe80000 - 0x000007fef06fb000 	C:\PROGRA~1\MICROS~2\Office14\1046\GrooveIntlResource.dll
0x000007fef1b90000 - 0x000007fef1c0e000 	C:\Windows\System32\cscui.dll
0x000007fef23e0000 - 0x000007fef23ec000 	C:\Windows\System32\CSCDLL.dll
0x000007fef9730000 - 0x000007fef973f000 	C:\Windows\system32\CSCAPI.dll
0x000007fef1a80000 - 0x000007fef1b00000 	C:\Windows\system32\ntshrui.dll
0x000007fefccc0000 - 0x000007fefcce3000 	C:\Windows\system32\srvcli.dll
0x000007fefb8f0000 - 0x000007fefb8fb000 	C:\Windows\system32\slc.dll
0x000007fef6190000 - 0x000007fef6230000 	C:\Windows\WinSxS\amd64_microsoft.windows.common-controls_6595b64144ccf1df_5.82.7601.18837_none_a4d981ff711297b6\comctl32.dll

VM Arguments:
jvm_args: -Dfile.encoding=Cp1252 
java_command: View.Entrar3
java_class_path (initial): C:\Users\Informatica01\workspace\ProtocoloPontoEpi\bin;C:\Users\Informatica01\workspace\ProtocoloPontoEpi\miglayout15-swing.jar;D:\Documentos\Desktop\Driver POSTGRESQL\postgresql-9.4-1201.jdbc4.jar;C:\Users\Informatica01\workspace\ProtocoloPontoEpi\Biblioteca\commons-beanutils-1.8.2.jar;C:\Users\Informatica01\workspace\ProtocoloPontoEpi\Biblioteca\commons-collections-3.2.1.jar;C:\Users\Informatica01\workspace\ProtocoloPontoEpi\Biblioteca\commons-digester-2.1.jar;C:\Users\Informatica01\workspace\ProtocoloPontoEpi\Biblioteca\commons-logging-1.1.jar;C:\Users\Informatica01\workspace\ProtocoloPontoEpi\Biblioteca\groovy-all-2.0.1.jar;C:\Users\Informatica01\workspace\ProtocoloPontoEpi\Biblioteca\iText-2.1.7.js2.jar;C:\Users\Informatica01\workspace\ProtocoloPontoEpi\Biblioteca\jasperreports-5.6.0.jar;C:\Users\Informatica01\workspace\ProtocoloPontoEpi\Biblioteca\jasperreports-fonts-5.6.0.jar
Launcher Type: SUN_STANDARD

Environment Variables:
JAVA_HOME=C:\Program Files\Java\jre1.8.0_231
CLASSPATH=.;JAVA_HOME
PATH=D:/Documentos/Desktop/ECLIPSE JAVA/eclipse//plugins/org.eclipse.justj.openjdk.hotspot.jre.full.win32.x86_64_15.0.1.v20201027-0507/jre/bin/server;D:/Documentos/Desktop/ECLIPSE JAVA/eclipse//plugins/org.eclipse.justj.openjdk.hotspot.jre.full.win32.x86_64_15.0.1.v20201027-0507/jre/bin;C:\Program Files (x86)\Common Files\Oracle\Java\javapath;C:\ProgramData\Oracle\Java\javapath;C:\Oracle\product\11.2.0\client_1\bin;C:\Program Files\Common Files\Microsoft Shared\Windows Live;C:\Program Files (x86)\Common Files\Microsoft Shared\Windows Live;C:\Windows\system32;C:\Windows;C:\Windows\System32\Wbem;C:\Windows\System32\WindowsPowerShell\v1.0\;C:\Program Files (x86)\Microsoft SQL Server\100\Tools\Binn\;C:\Program Files\Microsoft SQL Server\100\Tools\Binn\;C:\Program Files\Microsoft SQL Server\100\DTS\Binn\;C:\Program Files (x86)\Windows Live\Shared;C:\Program Files (x86)\Brackets\command;C:\Program Files (x86)\Print Conductor;C:\Program Files\Java\jre1.8.0_231\bin;C:\Program Files\Git\cmd;C:\Program Files (x86)\Spiceworks\Nmap;C:\Program Files (x86)\Print Conductor;;D:\Documentos\Desktop\ECLIPSE JAVA\eclipse;
USERNAME=Informatica01
OS=Windows_NT
PROCESSOR_IDENTIFIER=Intel64 Family 6 Model 42 Stepping 7, GenuineIntel



---------------  S Y S T E M  ---------------

OS: Windows 7 , 64 bit Build 7601 (6.1.7601.23539)

CPU:total 4 (initial active 4) (2 cores per cpu, 2 threads per core) family 6 model 42 stepping 7, cmov, cx8, fxsr, mmx, sse, sse2, sse3, ssse3, sse4.1, sse4.2, popcnt, avx, clmul, ht, tsc, tscinvbit

Memory: 4k page, physical 8299140k(2021200k free), swap 8297280k(5784k free)

vm_info: Java HotSpot(TM) 64-Bit Server VM (25.231-b11) for windows-amd64 JRE (1.8.0_231-b11), built on Oct  5 2019 03:11:30 by "java_re" with MS VC++ 10.0 (VS2010)

time: Thu Aug 19 10:43:44 2021
timezone: Hora oficial do Brasil
elapsed time: 44 seconds (0d 0h 0m 44s)

