#
# There is insufficient memory for the Java Runtime Environment to continue.
# Native memory allocation (malloc) failed to allocate 786176 bytes for Chunk::new
# Possible reasons:
#   The system is out of physical RAM or swap space
#   The process is running with CompressedOops enabled, and the Java Heap may be blocking the growth of the native heap
# Possible solutions:
#   Reduce memory load on the system
#   Increase physical memory or swap space
#   Check if swap backing store is full
#   Decrease Java heap size (-Xmx/-Xms)
#   Decrease number of Java threads
#   Decrease Java thread stack sizes (-Xss)
#   Set larger code cache with -XX:ReservedCodeCacheSize=
#   JVM is running with Unscaled Compressed Oops mode in which the Java heap is
#     placed in the first 4GB address space. The Java Heap base address is the
#     maximum limit for the native heap growth. Please use -XX:HeapBaseMinAddress
#     to set the Java Heap base and to place the Java Heap above 4GB virtual address.
# This output file may be truncated or incomplete.
#
#  Out of Memory Error (allocation.cpp:389), pid=8484, tid=0x0000000000002164
#
# JRE version: Java(TM) SE Runtime Environment (8.0_231-b11) (build 1.8.0_231-b11)
# Java VM: Java HotSpot(TM) 64-Bit Server VM (25.231-b11 mixed mode windows-amd64 compressed oops)
# Failed to write core dump. Minidumps are not enabled by default on client versions of Windows
#

---------------  T H R E A D  ---------------

Current thread (0x0000000058953000):  JavaThread "C2 CompilerThread1" daemon [_thread_in_native, id=8548, stack(0x0000000058de0000,0x0000000058ee0000)]

Stack: [0x0000000058de0000,0x0000000058ee0000]
[error occurred during error reporting (printing stack bounds), id 0xc0000005]

Native frames: (J=compiled Java code, j=interpreted, Vv=VM code, C=native code)


Current CompileTask:
C2: 212123 1644   !   4       javax.swing.JComponent::paintComponent (44 bytes)


---------------  P R O C E S S  ---------------

Java Threads: ( => current thread )
  0x00000000596a5800 JavaThread "TimerQueue" daemon [_thread_blocked, id=6616, stack(0x000000005c4c0000,0x000000005c5c0000)]
  0x0000000001e7f000 JavaThread "DestroyJavaVM" [_thread_blocked, id=7648, stack(0x00000000021c0000,0x00000000022c0000)]
  0x000000005935a000 JavaThread "AWT-EventQueue-0" [_thread_blocked, id=6416, stack(0x000000005a260000,0x000000005a360000)]
  0x0000000059358000 JavaThread "AWT-Windows" daemon [_thread_in_native, id=5704, stack(0x0000000059f80000,0x000000005a080000)]
  0x0000000059355800 JavaThread "AWT-Shutdown" [_thread_blocked, id=8660, stack(0x0000000059e00000,0x0000000059f00000)]
  0x0000000059354800 JavaThread "Java2D Disposer" daemon [_thread_blocked, id=5724, stack(0x0000000059c50000,0x0000000059d50000)]
  0x00000000589c6000 JavaThread "Service Thread" daemon [_thread_blocked, id=9056, stack(0x0000000058f60000,0x0000000059060000)]
  0x00000000589a4000 JavaThread "C1 CompilerThread2" daemon [_thread_blocked, id=8860, stack(0x00000000590d0000,0x00000000591d0000)]
=>0x0000000058953000 JavaThread "C2 CompilerThread1" daemon [_thread_in_native, id=8548, stack(0x0000000058de0000,0x0000000058ee0000)]
  0x000000005718c000 JavaThread "C2 CompilerThread0" daemon [_thread_in_native, id=4768, stack(0x0000000058850000,0x0000000058950000)]
  0x0000000057187000 JavaThread "Attach Listener" daemon [_thread_blocked, id=8836, stack(0x0000000058650000,0x0000000058750000)]
  0x0000000057183000 JavaThread "Signal Dispatcher" daemon [_thread_blocked, id=9008, stack(0x0000000058750000,0x0000000058850000)]
  0x000000005716a800 JavaThread "Finalizer" daemon [_thread_blocked, id=7408, stack(0x00000000584d0000,0x00000000585d0000)]
  0x0000000057123800 JavaThread "Reference Handler" daemon [_thread_blocked, id=6368, stack(0x00000000583d0000,0x00000000584d0000)]

Other Threads:
  0x000000005711c000 VMThread [stack: 0x0000000058230000,0x0000000058330000] [id=552]
  0x00000000589e0800 WatcherThread [stack: 0x00000000591f0000,0x00000000592f0000] [id=7704]

VM state:not at safepoint (normal execution)

VM Mutex/Monitor currently owned by a thread: None

heap address: 0x0000000081400000, size: 2028 MB, Compressed Oops mode: 32-bit
Narrow klass base: 0x0000000000000000, Narrow klass shift: 0
Compressed class space size: 1073741824 Address: 0x0000000016790000

Heap:
 PSYoungGen      total 38400K, used 24245K [0x00000000d5c00000, 0x00000000d8680000, 0x0000000100000000)
  eden space 33280K, 63% used [0x00000000d5c00000,0x00000000d7098678,0x00000000d7c80000)
  from space 5120K, 61% used [0x00000000d7c80000,0x00000000d7f95098,0x00000000d8180000)
  to   space 5120K, 0% used [0x00000000d8180000,0x00000000d8180000,0x00000000d8680000)
 ParOldGen       total 87552K, used 7718K [0x0000000081400000, 0x0000000086980000, 0x00000000d5c00000)
  object space 87552K, 8% used [0x0000000081400000,0x0000000081b89810,0x0000000086980000)
 Metaspace       used 13136K, capacity 13358K, committed 13568K, reserved 1060864K
  class space    used 1615K, capacity 1673K, committed 1792K, reserved 1048576K

Card table byte_map: [0x0000000011950000,0x0000000011d50000] byte_map_base: 0x0000000011546000

Marking Bits: (ParMarkBitMap*) 0x000000006c896d90
 Begin Bits: [0x0000000012430000, 0x00000000143e0000)
 End Bits:   [0x00000000143e0000, 0x0000000016390000)

Polling page: 0x0000000000220000

CodeCache: size=245760Kb used=5552Kb max_used=5560Kb free=240207Kb
 bounds [0x0000000002590000, 0x0000000002b20000, 0x0000000011590000]
 total_blobs=2089 nmethods=1581 adapters=420
 compilation: enabled

Compilation events (10 events):
Event: 210.764 Thread 0x00000000589a4000 nmethod 1638 0x00000000027ba990 code [0x00000000027bab60, 0x00000000027bb3e8]
Event: 210.764 Thread 0x00000000589a4000 1639       3       sun.swing.ImageCache::getEntry (148 bytes)
Event: 210.766 Thread 0x00000000589a4000 nmethod 1639 0x0000000002b06850 code [0x0000000002b06b40, 0x0000000002b07ea8]
Event: 210.766 Thread 0x00000000589a4000 1642       3       java.util.LinkedList$ListItr::remove (84 bytes)
Event: 210.767 Thread 0x0000000058953000 nmethod 1640 0x000000000283e250 code [0x000000000283e3a0, 0x000000000283e4f8]
Event: 210.767 Thread 0x00000000589a4000 nmethod 1642 0x0000000002938190 code [0x0000000002938340, 0x0000000002938808]
Event: 210.767 Thread 0x00000000589a4000 1641       2       java.util.LinkedList::listIterator (15 bytes)
Event: 210.767 Thread 0x00000000589a4000 nmethod 1641 0x0000000002831690 code [0x0000000002831820, 0x0000000002831b08]
Event: 211.293 Thread 0x000000005718c000 1643   !   4       javax.swing.JComponent::paint (409 bytes)
Event: 211.933 Thread 0x0000000058953000 1644   !   4       javax.swing.JComponent::paintComponent (44 bytes)

GC Heap History (2 events):
Event: 82.558 GC heap before
{Heap before GC invocations=1 (full 0):
 PSYoungGen      total 38400K, used 33280K [0x00000000d5c00000, 0x00000000d8680000, 0x0000000100000000)
  eden space 33280K, 100% used [0x00000000d5c00000,0x00000000d7c80000,0x00000000d7c80000)
  from space 5120K, 0% used [0x00000000d8180000,0x00000000d8180000,0x00000000d8680000)
  to   space 5120K, 0% used [0x00000000d7c80000,0x00000000d7c80000,0x00000000d8180000)
 ParOldGen       total 87552K, used 0K [0x0000000081400000, 0x0000000086980000, 0x00000000d5c00000)
  object space 87552K, 0% used [0x0000000081400000,0x0000000081400000,0x0000000086980000)
 Metaspace       used 13089K, capacity 13294K, committed 13568K, reserved 1060864K
  class space    used 1613K, capacity 1673K, committed 1792K, reserved 1048576K
Event: 82.602 GC heap after
Heap after GC invocations=1 (full 0):
 PSYoungGen      total 38400K, used 3156K [0x00000000d5c00000, 0x00000000d8680000, 0x0000000100000000)
  eden space 33280K, 0% used [0x00000000d5c00000,0x00000000d5c00000,0x00000000d7c80000)
  from space 5120K, 61% used [0x00000000d7c80000,0x00000000d7f95098,0x00000000d8180000)
  to   space 5120K, 0% used [0x00000000d8180000,0x00000000d8180000,0x00000000d8680000)
 ParOldGen       total 87552K, used 7718K [0x0000000081400000, 0x0000000086980000, 0x00000000d5c00000)
  object space 87552K, 8% used [0x0000000081400000,0x0000000081b89810,0x0000000086980000)
 Metaspace       used 13089K, capacity 13294K, committed 13568K, reserved 1060864K
  class space    used 1613K, capacity 1673K, committed 1792K, reserved 1048576K
}

Deoptimization events (10 events):
Event: 208.714 Thread 0x000000005935a000 Uncommon trap: reason=unstable_if action=reinterpret pc=0x0000000002a3e97c method=javax.swing.DefaultButtonModel.isEnabled()Z @ 7
Event: 208.715 Thread 0x000000005935a000 Uncommon trap: reason=unstable_if action=reinterpret pc=0x0000000002a272ac method=java.util.WeakHashMap.get(Ljava/lang/Object;)Ljava/lang/Object; @ 35
Event: 208.715 Thread 0x000000005935a000 Uncommon trap: reason=null_check action=make_not_entrant pc=0x0000000002ad8068 method=com.sun.java.swing.plaf.windows.AnimationController.paintSkin(Ljavax/swing/JComponent;Lcom/sun/java/swing/plaf/windows/XPStyle$Skin;Ljava/awt/Graphics;IIIILcom/sun/java/
Event: 208.715 Thread 0x000000005935a000 Uncommon trap: reason=unstable_if action=reinterpret pc=0x0000000002a501d4 method=sun.swing.ImageCache$Entry.equals(Ljava/awt/GraphicsConfiguration;II[Ljava/lang/Object;)Z @ 5
Event: 208.715 Thread 0x000000005935a000 Uncommon trap: reason=unstable_if action=reinterpret pc=0x00000000029d1400 method=sun.swing.ImageCache$Entry.equals(Ljava/awt/GraphicsConfiguration;II[Ljava/lang/Object;)Z @ 5
Event: 208.715 Thread 0x000000005935a000 Uncommon trap: reason=unstable_if action=reinterpret pc=0x0000000002a3ab9c method=java.util.LinkedList.unlink(Ljava/util/LinkedList$Node;)Ljava/lang/Object; @ 41
Event: 208.715 Thread 0x000000005935a000 Uncommon trap: reason=unstable_if action=reinterpret pc=0x0000000002a9d224 method=javax.swing.SwingUtilities.layoutCompoundLabelImpl(Ljavax/swing/JComponent;Ljava/awt/FontMetrics;Ljava/lang/String;Ljavax/swing/Icon;IIIILjava/awt/Rectangle;Ljava/awt/Rectan
Event: 208.715 Thread 0x000000005935a000 Uncommon trap: reason=unstable_if action=reinterpret pc=0x00000000029f1508 method=sun.java2d.pipe.DrawImage.copyImage(Lsun/java2d/SunGraphics2D;Ljava/awt/Image;IILjava/awt/Color;Ljava/awt/image/ImageObserver;)Z @ 4
Event: 208.715 Thread 0x000000005935a000 Uncommon trap: reason=null_check action=make_not_entrant pc=0x0000000002aa6fcc method=com.sun.java.swing.plaf.windows.AnimationController.paintSkin(Ljavax/swing/JComponent;Lcom/sun/java/swing/plaf/windows/XPStyle$Skin;Ljava/awt/Graphics;IIIILcom/sun/java/
Event: 208.718 Thread 0x000000005935a000 Uncommon trap: reason=class_check action=maybe_recompile pc=0x0000000002ac7698 method=sun.font.Font2D.getStrike(Lsun/font/FontStrikeDesc;Z)Lsun/font/FontStrike; @ 7

Classes redefined (0 events):
No events

Internal exceptions (10 events):
Event: 1.595 Thread 0x000000005935a000 Exception <a 'java/lang/ArrayIndexOutOfBoundsException': 22> (0x00000000d61a4020) thrown at [C:\re\workspace\8-2-build-windows-amd64-cygwin\jdk8u231\13620\hotspot\src\share\vm\interpreter\interpreterRuntime.cpp, line 368]
Event: 1.596 Thread 0x000000005935a000 Exception <a 'java/lang/ArrayIndexOutOfBoundsException': 160> (0x00000000d61a63f8) thrown at [C:\re\workspace\8-2-build-windows-amd64-cygwin\jdk8u231\13620\hotspot\src\share\vm\interpreter\interpreterRuntime.cpp, line 368]
Event: 1.600 Thread 0x000000005935a000 Exception <a 'java/lang/ClassNotFoundException': net/miginfocom/layout/UnitValueCustomizer> (0x00000000d61ad538) thrown at [C:\re\workspace\8-2-build-windows-amd64-cygwin\jdk8u231\13620\hotspot\src\share\vm\classfile\systemDictionary.cpp, line 210]
Event: 1.606 Thread 0x000000005935a000 Exception <a 'java/lang/ClassNotFoundException': java/lang/ObjectCustomizer> (0x00000000d61c7750) thrown at [C:\re\workspace\8-2-build-windows-amd64-cygwin\jdk8u231\13620\hotspot\src\share\vm\classfile\systemDictionary.cpp, line 210]
Event: 1.607 Thread 0x000000005935a000 Exception <a 'java/lang/ClassNotFoundException': net/miginfocom/layout/BoundSizeCustomizer> (0x00000000d61d04a0) thrown at [C:\re\workspace\8-2-build-windows-amd64-cygwin\jdk8u231\13620\hotspot\src\share\vm\classfile\systemDictionary.cpp, line 210]
Event: 52.331 Thread 0x000000005935a000 Implicit null exception at 0x00000000029a9e23 to 0x00000000029a9f71
Event: 208.715 Thread 0x000000005935a000 Implicit null exception at 0x0000000002a26a17 to 0x0000000002a27295
Event: 208.715 Thread 0x000000005935a000 Implicit null exception at 0x0000000002ace088 to 0x0000000002ad8011
Event: 208.715 Thread 0x000000005935a000 Implicit null exception at 0x0000000002a3aab3 to 0x0000000002a3ab71
Event: 208.715 Thread 0x000000005935a000 Implicit null exception at 0x0000000002a9fdc4 to 0x0000000002aa6f95

Events (10 events):
Event: 208.715 Thread 0x000000005935a000 DEOPT UNPACKING pc=0x00000000025d583b sp=0x000000005a35c240 mode 2
Event: 208.715 Thread 0x000000005935a000 Uncommon trap: trap_request=0xffffff65 fr.pc=0x00000000029f1508
Event: 208.715 Thread 0x000000005935a000 DEOPT PACKING pc=0x00000000029f1508 sp=0x000000005a35c280
Event: 208.715 Thread 0x000000005935a000 DEOPT UNPACKING pc=0x00000000025d583b sp=0x000000005a35c270 mode 2
Event: 208.715 Thread 0x000000005935a000 Uncommon trap: trap_request=0xfffffff4 fr.pc=0x0000000002aa6fcc
Event: 208.715 Thread 0x000000005935a000 DEOPT PACKING pc=0x0000000002aa6fcc sp=0x000000005a35c650
Event: 208.715 Thread 0x000000005935a000 DEOPT UNPACKING pc=0x00000000025d583b sp=0x000000005a35c428 mode 2
Event: 208.718 Thread 0x000000005935a000 Uncommon trap: trap_request=0xffffffde fr.pc=0x0000000002ac7698
Event: 208.718 Thread 0x000000005935a000 DEOPT PACKING pc=0x0000000002ac7698 sp=0x000000005a35b8c0
Event: 208.718 Thread 0x000000005935a000 DEOPT UNPACKING pc=0x00000000025d583b sp=0x000000005a35b758 mode 2


Dynamic libraries:
0x000000013f980000 - 0x000000013f9b7000 	C:\Program Files\Java\jre1.8.0_231\bin\javaw.exe
0x0000000076eb0000 - 0x000000007705a000 	C:\Windows\SYSTEM32\ntdll.dll
0x0000000076d90000 - 0x0000000076eaf000 	C:\Windows\system32\kernel32.dll
0x000007fefcce0000 - 0x000007fefcd4a000 	C:\Windows\system32\KERNELBASE.dll
0x000007fefd890000 - 0x000007fefd96b000 	C:\Windows\system32\ADVAPI32.dll
0x000007fefed20000 - 0x000007fefedbf000 	C:\Windows\system32\msvcrt.dll
0x000007fefed00000 - 0x000007fefed1f000 	C:\Windows\SYSTEM32\sechost.dll
0x000007fefd480000 - 0x000007fefd5ad000 	C:\Windows\system32\RPCRT4.dll
0x0000000076c90000 - 0x0000000076d8a000 	C:\Windows\system32\USER32.dll
0x000007fefd5b0000 - 0x000007fefd617000 	C:\Windows\system32\GDI32.dll
0x000007fefec50000 - 0x000007fefec5e000 	C:\Windows\system32\LPK.dll
0x000007feff070000 - 0x000007feff13a000 	C:\Windows\system32\USP10.dll
0x000007fefb5d0000 - 0x000007fefb7c4000 	C:\Windows\WinSxS\amd64_microsoft.windows.common-controls_6595b64144ccf1df_6.0.7601.18837_none_fa3b1e3d17594757\COMCTL32.dll
0x000007feff140000 - 0x000007feff1b1000 	C:\Windows\system32\SHLWAPI.dll
0x000007feff040000 - 0x000007feff06e000 	C:\Windows\system32\IMM32.DLL
0x000007fefd2f0000 - 0x000007fefd3f9000 	C:\Windows\system32\MSCTF.dll
0x0000000072dc0000 - 0x0000000072e92000 	C:\Program Files\Java\jre1.8.0_231\bin\msvcr100.dll
0x000000006c070000 - 0x000000006c916000 	C:\Program Files\Java\jre1.8.0_231\bin\server\jvm.dll
0x000007fefa050000 - 0x000007fefa059000 	C:\Windows\system32\WSOCK32.dll
0x000007fefd400000 - 0x000007fefd44d000 	C:\Windows\system32\WS2_32.dll
0x000007fefd450000 - 0x000007fefd458000 	C:\Windows\system32\NSI.dll
0x000007fef9080000 - 0x000007fef90bb000 	C:\Windows\system32\WINMM.dll
0x000007fefbd30000 - 0x000007fefbd3c000 	C:\Windows\system32\VERSION.dll
0x0000000077070000 - 0x0000000077077000 	C:\Windows\system32\PSAPI.DLL
0x000007fef8690000 - 0x000007fef869f000 	C:\Program Files\Java\jre1.8.0_231\bin\verify.dll
0x000007fef7c60000 - 0x000007fef7c89000 	C:\Program Files\Java\jre1.8.0_231\bin\java.dll
0x000007feefe60000 - 0x000007feefe76000 	C:\Program Files\Java\jre1.8.0_231\bin\zip.dll
0x000007fefd970000 - 0x000007fefe6fa000 	C:\Windows\system32\SHELL32.dll
0x000007fefe700000 - 0x000007fefe903000 	C:\Windows\system32\ole32.dll
0x000007fefcbe0000 - 0x000007fefcbef000 	C:\Windows\system32\profapi.dll
0x000007fee8a30000 - 0x000007fee8bca000 	C:\Program Files\Java\jre1.8.0_231\bin\awt.dll
0x000007fefd620000 - 0x000007fefd6fa000 	C:\Windows\system32\OLEAUT32.dll
0x000007fefb160000 - 0x000007fefb1b6000 	C:\Windows\system32\uxtheme.dll
0x000007fefa8b0000 - 0x000007fefa8c8000 	C:\Windows\system32\dwmapi.dll
0x000007fefca40000 - 0x000007fefca4f000 	C:\Windows\system32\CRYPTBASE.dll
0x000007fee7e20000 - 0x000007fee7f3d000 	C:\Windows\system32\opengl32.dll
0x000007feefd70000 - 0x000007feefd9d000 	C:\Windows\system32\GLU32.dll
0x000007fee9c40000 - 0x000007fee9d31000 	C:\Windows\system32\DDRAW.dll
0x000007feefd60000 - 0x000007feefd68000 	C:\Windows\system32\DCIMAN32.dll
0x000007fefedc0000 - 0x000007fefef97000 	C:\Windows\system32\SETUPAPI.dll
0x000007fefcf30000 - 0x000007fefcf66000 	C:\Windows\system32\CFGMGR32.dll
0x000007fefcc20000 - 0x000007fefcc3a000 	C:\Windows\system32\DEVOBJ.dll
0x000007feefe10000 - 0x000007feefe59000 	C:\Program Files\Java\jre1.8.0_231\bin\fontmanager.dll
0x000007feefdc0000 - 0x000007feefdda000 	C:\Program Files\Java\jre1.8.0_231\bin\net.dll
0x000007fefc380000 - 0x000007fefc3d5000 	C:\Windows\system32\mswsock.dll
0x000007fefc370000 - 0x000007fefc377000 	C:\Windows\System32\wship6.dll
0x000007feefda0000 - 0x000007feefdb2000 	C:\Program Files\Java\jre1.8.0_231\bin\nio.dll
0x000007feefce0000 - 0x000007feefd22000 	C:\Program Files\Java\jre1.8.0_231\bin\t2k.dll
0x000007fefec60000 - 0x000007fefecf9000 	C:\Windows\system32\CLBCatQ.DLL
0x000007fefa560000 - 0x000007fefa6c1000 	C:\Windows\system32\WindowsCodecs.dll
0x000007fefc9e0000 - 0x000007fefca37000 	C:\Windows\system32\apphelp.dll
0x000007fefae70000 - 0x000007fefaea5000 	C:\Windows\system32\EhStorShell.dll
0x000007fefb1c0000 - 0x000007fefb2ec000 	C:\Windows\system32\PROPSYS.dll
0x000007fef4a30000 - 0x000007fef509f000 	C:\PROGRA~1\MICROS~2\Office14\GROOVEEX.DLL
0x00000000745f0000 - 0x0000000074693000 	C:\Windows\WinSxS\amd64_microsoft.vc90.crt_1fc8b3b9a1e18e3b_9.0.30729.6161_none_08e61857a83bc251\MSVCR90.dll
0x0000000074510000 - 0x00000000745e3000 	C:\Windows\WinSxS\amd64_microsoft.vc90.crt_1fc8b3b9a1e18e3b_9.0.30729.6161_none_08e61857a83bc251\MSVCP90.dll
0x00000000744a0000 - 0x00000000744cf000 	C:\Windows\WinSxS\amd64_microsoft.vc90.atl_1fc8b3b9a1e18e3b_9.0.30729.6161_none_0a1fd3a3a768b895\ATL90.DLL
0x000007fef42e0000 - 0x000007fef46fa000 	C:\PROGRA~1\COMMON~1\MICROS~1\OFFICE14\Cultures\office.odf
0x000007fef1d00000 - 0x000007fef257b000 	C:\PROGRA~1\MICROS~2\Office14\1046\GrooveIntlResource.dll
0x000007fef48a0000 - 0x000007fef491e000 	C:\Windows\System32\cscui.dll
0x000007fefaba0000 - 0x000007fefabac000 	C:\Windows\System32\CSCDLL.dll
0x000007fef9670000 - 0x000007fef967f000 	C:\Windows\system32\CSCAPI.dll
0x000007fef41a0000 - 0x000007fef4220000 	C:\Windows\system32\ntshrui.dll
0x000007fefc5f0000 - 0x000007fefc613000 	C:\Windows\system32\srvcli.dll
0x000007fefa860000 - 0x000007fefa86b000 	C:\Windows\system32\slc.dll

VM Arguments:
jvm_args: -Dfile.encoding=Cp1252 
java_command: View.Entrar3
java_class_path (initial): C:\Users\Informatica01\workspace\ProtocoloPontoEpi\bin;C:\Users\Informatica01\workspace\ProtocoloPontoEpi\miglayout15-swing.jar;D:\Documentos\Desktop\Driver POSTGRESQL\postgresql-9.4-1201.jdbc4.jar;C:\Users\Informatica01\workspace\ProtocoloPontoEpi\Biblioteca\commons-beanutils-1.8.2.jar;C:\Users\Informatica01\workspace\ProtocoloPontoEpi\Biblioteca\commons-collections-3.2.1.jar;C:\Users\Informatica01\workspace\ProtocoloPontoEpi\Biblioteca\commons-digester-2.1.jar;C:\Users\Informatica01\workspace\ProtocoloPontoEpi\Biblioteca\commons-logging-1.1.jar;C:\Users\Informatica01\workspace\ProtocoloPontoEpi\Biblioteca\groovy-all-2.0.1.jar;C:\Users\Informatica01\workspace\ProtocoloPontoEpi\Biblioteca\iText-2.1.7.js2.jar;C:\Users\Informatica01\workspace\ProtocoloPontoEpi\Biblioteca\jasperreports-5.6.0.jar;C:\Users\Informatica01\workspace\ProtocoloPontoEpi\Biblioteca\jasperreports-fonts-5.6.0.jar
Launcher Type: SUN_STANDARD

Environment Variables:
JAVA_HOME=C:\Program Files\Java\jre1.8.0_231
CLASSPATH=.;JAVA_HOME
PATH=D:/Documentos/Desktop/ECLIPSE JAVA/eclipse//plugins/org.eclipse.justj.openjdk.hotspot.jre.full.win32.x86_64_15.0.1.v20201027-0507/jre/bin/server;D:/Documentos/Desktop/ECLIPSE JAVA/eclipse//plugins/org.eclipse.justj.openjdk.hotspot.jre.full.win32.x86_64_15.0.1.v20201027-0507/jre/bin;C:\Program Files (x86)\Common Files\Oracle\Java\javapath;C:\ProgramData\Oracle\Java\javapath;C:\Oracle\product\11.2.0\client_1\bin;C:\Program Files\Common Files\Microsoft Shared\Windows Live;C:\Program Files (x86)\Common Files\Microsoft Shared\Windows Live;C:\Windows\system32;C:\Windows;C:\Windows\System32\Wbem;C:\Windows\System32\WindowsPowerShell\v1.0\;C:\Program Files (x86)\Microsoft SQL Server\100\Tools\Binn\;C:\Program Files\Microsoft SQL Server\100\Tools\Binn\;C:\Program Files\Microsoft SQL Server\100\DTS\Binn\;C:\Program Files (x86)\Windows Live\Shared;C:\Program Files (x86)\Brackets\command;C:\Program Files (x86)\Print Conductor;C:\Program Files\Java\jre1.8.0_231\bin;C:\Program Files\Git\cmd;C:\Program Files (x86)\Spiceworks\Nmap;C:\Program Files (x86)\Print Conductor;;D:\Documentos\Desktop\ECLIPSE JAVA\eclipse;
USERNAME=Informatica01
OS=Windows_NT
PROCESSOR_IDENTIFIER=Intel64 Family 6 Model 42 Stepping 7, GenuineIntel



---------------  S Y S T E M  ---------------

OS: Windows 7 , 64 bit Build 7601 (6.1.7601.23539)

CPU:total 4 (initial active 4) (2 cores per cpu, 2 threads per core) family 6 model 42 stepping 7, cmov, cx8, fxsr, mmx, sse, sse2, sse3, ssse3, sse4.1, sse4.2, popcnt, avx, clmul, ht, tsc, tscinvbit

Memory: 4k page, physical 8299140k(2520020k free), swap 8297280k(6508k free)

vm_info: Java HotSpot(TM) 64-Bit Server VM (25.231-b11) for windows-amd64 JRE (1.8.0_231-b11), built on Oct  5 2019 03:11:30 by "java_re" with MS VC++ 10.0 (VS2010)

time: Thu Oct 07 10:26:43 2021
timezone: Hora oficial do Brasil
elapsed time: 212 seconds (0d 0h 3m 32s)

