#
# There is insufficient memory for the Java Runtime Environment to continue.
# Native memory allocation (malloc) failed to allocate 1316496 bytes for Chunk::new
# Possible reasons:
#   The system is out of physical RAM or swap space
#   The process is running with CompressedOops enabled, and the Java Heap may be blocking the growth of the native heap
# Possible solutions:
#   Reduce memory load on the system
#   Increase physical memory or swap space
#   Check if swap backing store is full
#   Decrease Java heap size (-Xmx/-Xms)
#   Decrease number of Java threads
#   Decrease Java thread stack sizes (-Xss)
#   Set larger code cache with -XX:ReservedCodeCacheSize=
#   JVM is running with Unscaled Compressed Oops mode in which the Java heap is
#     placed in the first 4GB address space. The Java Heap base address is the
#     maximum limit for the native heap growth. Please use -XX:HeapBaseMinAddress
#     to set the Java Heap base and to place the Java Heap above 4GB virtual address.
# This output file may be truncated or incomplete.
#
#  Out of Memory Error (allocation.cpp:389), pid=8740, tid=0x00000000000026b8
#
# JRE version: Java(TM) SE Runtime Environment (8.0_231-b11) (build 1.8.0_231-b11)
# Java VM: Java HotSpot(TM) 64-Bit Server VM (25.231-b11 mixed mode windows-amd64 compressed oops)
# Failed to write core dump. Minidumps are not enabled by default on client versions of Windows
#

---------------  T H R E A D  ---------------

Current thread (0x0000000057168800):  JavaThread "C2 CompilerThread0" daemon [_thread_in_native, id=9912, stack(0x00000000588b0000,0x00000000589b0000)]

Stack: [0x00000000588b0000,0x00000000589b0000]
[error occurred during error reporting (printing stack bounds), id 0xc0000005]

Native frames: (J=compiled Java code, j=interpreted, Vv=VM code, C=native code)


Current CompileTask:
C2:  14195 2051   !   4       javax.swing.RepaintManager::addDirtyRegion0 (205 bytes)


---------------  P R O C E S S  ---------------

Java Threads: ( => current thread )
  0x00000000599f7800 JavaThread "Image Fetcher 0" daemon [_thread_blocked, id=7832, stack(0x000000005c430000,0x000000005c530000)]
  0x0000000059802800 JavaThread "TimerQueue" daemon [_thread_blocked, id=11084, stack(0x000000005a7f0000,0x000000005a8f0000)]
  0x0000000001f7f000 JavaThread "DestroyJavaVM" [_thread_blocked, id=8332, stack(0x00000000021c0000,0x00000000022c0000)]
  0x00000000595ee000 JavaThread "AWT-EventQueue-0" [_thread_in_Java, id=10684, stack(0x000000005a4e0000,0x000000005a5e0000)]
  0x00000000595ec000 JavaThread "AWT-Windows" daemon [_thread_in_native, id=9904, stack(0x000000005a1f0000,0x000000005a2f0000)]
  0x00000000595e9800 JavaThread "AWT-Shutdown" [_thread_blocked, id=4204, stack(0x0000000059fc0000,0x000000005a0c0000)]
  0x00000000595e8800 JavaThread "Java2D Disposer" daemon [_thread_blocked, id=4272, stack(0x0000000059e00000,0x0000000059f00000)]
  0x0000000058c3d000 JavaThread "Service Thread" daemon [_thread_blocked, id=6028, stack(0x0000000059270000,0x0000000059370000)]
  0x0000000058c1c000 JavaThread "C1 CompilerThread2" daemon [_thread_blocked, id=7936, stack(0x0000000059030000,0x0000000059130000)]
  0x000000005716d800 JavaThread "C2 CompilerThread1" daemon [_thread_in_native, id=8484, stack(0x0000000058b00000,0x0000000058c00000)]
=>0x0000000057168800 JavaThread "C2 CompilerThread0" daemon [_thread_in_native, id=9912, stack(0x00000000588b0000,0x00000000589b0000)]
  0x0000000057167000 JavaThread "Attach Listener" daemon [_thread_blocked, id=9832, stack(0x00000000583d0000,0x00000000584d0000)]
  0x0000000057163000 JavaThread "Signal Dispatcher" daemon [_thread_blocked, id=11144, stack(0x00000000586e0000,0x00000000587e0000)]
  0x000000005714a800 JavaThread "Finalizer" daemon [_thread_blocked, id=6252, stack(0x0000000058590000,0x0000000058690000)]
  0x0000000057103800 JavaThread "Reference Handler" daemon [_thread_blocked, id=5232, stack(0x0000000058180000,0x0000000058280000)]

Other Threads:
  0x00000000570fc000 VMThread [stack: 0x00000000582d0000,0x00000000583d0000] [id=5636]
  0x0000000058c4c800 WatcherThread [stack: 0x0000000059440000,0x0000000059540000] [id=1884]

VM state:not at safepoint (normal execution)

VM Mutex/Monitor currently owned by a thread: None

heap address: 0x0000000081400000, size: 2028 MB, Compressed Oops mode: 32-bit
Narrow klass base: 0x0000000000000000, Narrow klass shift: 0
Compressed class space size: 1073741824 Address: 0x0000000016770000

Heap:
 PSYoungGen      total 38400K, used 19633K [0x00000000d5c00000, 0x00000000d8680000, 0x0000000100000000)
  eden space 33280K, 43% used [0x00000000d5c00000,0x00000000d6a33928,0x00000000d7c80000)
  from space 5120K, 99% used [0x00000000d7c80000,0x00000000d8178cd8,0x00000000d8180000)
  to   space 5120K, 0% used [0x00000000d8180000,0x00000000d8180000,0x00000000d8680000)
 ParOldGen       total 87552K, used 8277K [0x0000000081400000, 0x0000000086980000, 0x00000000d5c00000)
  object space 87552K, 9% used [0x0000000081400000,0x0000000081c156b8,0x0000000086980000)
 Metaspace       used 17245K, capacity 17484K, committed 17664K, reserved 1064960K
  class space    used 2173K, capacity 2236K, committed 2304K, reserved 1048576K

Card table byte_map: [0x0000000011950000,0x0000000011d50000] byte_map_base: 0x0000000011546000

Marking Bits: (ParMarkBitMap*) 0x000000006cc76d90
 Begin Bits: [0x0000000012410000, 0x00000000143c0000)
 End Bits:   [0x00000000143c0000, 0x0000000016370000)

Polling page: 0x0000000000300000

CodeCache: size=245760Kb used=6735Kb max_used=6735Kb free=239024Kb
 bounds [0x0000000002590000, 0x0000000002c30000, 0x0000000011590000]
 total_blobs=2639 nmethods=2106 adapters=445
 compilation: enabled

Compilation events (10 events):
Event: 13.964 Thread 0x0000000058c1c000 2120       1       Controle.Colaborador::setId_colaborador (6 bytes)
Event: 13.964 Thread 0x0000000058c1c000 nmethod 2120 0x0000000002c26890 code [0x0000000002c269e0, 0x0000000002c26b10]
Event: 13.964 Thread 0x0000000058c1c000 2122       1       Controle.Colaborador::setNome (6 bytes)
Event: 13.965 Thread 0x0000000058c1c000 nmethod 2122 0x0000000002c26b90 code [0x0000000002c26ce0, 0x0000000002c26e10]
Event: 13.965 Thread 0x0000000058c1c000 2123       1       Controle.Colaborador::setFuncao (6 bytes)
Event: 13.965 Thread 0x0000000058c1c000 nmethod 2123 0x0000000002c26e90 code [0x0000000002c26fe0, 0x0000000002c27110]
Event: 13.965 Thread 0x0000000058c1c000 2124       1       Controle.Colaborador::setAdmissao (6 bytes)
Event: 13.965 Thread 0x0000000058c1c000 nmethod 2124 0x0000000002c27190 code [0x0000000002c272e0, 0x0000000002c27410]
Event: 13.965 Thread 0x0000000058c1c000 2125       1       Controle.Colaborador::setPeriodo (6 bytes)
Event: 13.965 Thread 0x0000000058c1c000 nmethod 2125 0x0000000002c27490 code [0x0000000002c275e0, 0x0000000002c27710]

GC Heap History (2 events):
Event: 13.837 GC heap before
{Heap before GC invocations=1 (full 0):
 PSYoungGen      total 38400K, used 33280K [0x00000000d5c00000, 0x00000000d8680000, 0x0000000100000000)
  eden space 33280K, 100% used [0x00000000d5c00000,0x00000000d7c80000,0x00000000d7c80000)
  from space 5120K, 0% used [0x00000000d8180000,0x00000000d8180000,0x00000000d8680000)
  to   space 5120K, 0% used [0x00000000d7c80000,0x00000000d7c80000,0x00000000d8180000)
 ParOldGen       total 87552K, used 0K [0x0000000081400000, 0x0000000086980000, 0x00000000d5c00000)
  object space 87552K, 0% used [0x0000000081400000,0x0000000081400000,0x0000000086980000)
 Metaspace       used 17161K, capacity 17420K, committed 17664K, reserved 1064960K
  class space    used 2172K, capacity 2236K, committed 2304K, reserved 1048576K
Event: 13.848 GC heap after
Heap after GC invocations=1 (full 0):
 PSYoungGen      total 38400K, used 5091K [0x00000000d5c00000, 0x00000000d8680000, 0x0000000100000000)
  eden space 33280K, 0% used [0x00000000d5c00000,0x00000000d5c00000,0x00000000d7c80000)
  from space 5120K, 99% used [0x00000000d7c80000,0x00000000d8178cd8,0x00000000d8180000)
  to   space 5120K, 0% used [0x00000000d8180000,0x00000000d8180000,0x00000000d8680000)
 ParOldGen       total 87552K, used 8277K [0x0000000081400000, 0x0000000086980000, 0x00000000d5c00000)
  object space 87552K, 9% used [0x0000000081400000,0x0000000081c156b8,0x0000000086980000)
 Metaspace       used 17161K, capacity 17420K, committed 17664K, reserved 1064960K
  class space    used 2172K, capacity 2236K, committed 2304K, reserved 1048576K
}

Deoptimization events (9 events):
Event: 2.786 Thread 0x00000000595ee000 Uncommon trap: reason=class_check action=maybe_recompile pc=0x0000000002729f10 method=java.lang.String.equals(Ljava/lang/Object;)Z @ 8
Event: 2.787 Thread 0x00000000595ee000 Uncommon trap: reason=class_check action=maybe_recompile pc=0x0000000002729f10 method=java.lang.String.equals(Ljava/lang/Object;)Z @ 8
Event: 2.788 Thread 0x00000000595ee000 Uncommon trap: reason=class_check action=maybe_recompile pc=0x0000000002729f10 method=java.lang.String.equals(Ljava/lang/Object;)Z @ 8
Event: 2.788 Thread 0x00000000595ee000 Uncommon trap: reason=class_check action=maybe_recompile pc=0x0000000002729f10 method=java.lang.String.equals(Ljava/lang/Object;)Z @ 8
Event: 9.855 Thread 0x00000000595ee000 Uncommon trap: reason=bimorphic action=maybe_recompile pc=0x0000000002961690 method=java.util.HashMap.putVal(ILjava/lang/Object;Ljava/lang/Object;ZZ)Ljava/lang/Object; @ 91
Event: 10.063 Thread 0x00000000595ee000 Uncommon trap: reason=bimorphic action=maybe_recompile pc=0x0000000002961690 method=java.util.HashMap.putVal(ILjava/lang/Object;Ljava/lang/Object;ZZ)Ljava/lang/Object; @ 91
Event: 10.259 Thread 0x00000000595ee000 Uncommon trap: reason=bimorphic action=maybe_recompile pc=0x0000000002961690 method=java.util.HashMap.putVal(ILjava/lang/Object;Ljava/lang/Object;ZZ)Ljava/lang/Object; @ 91
Event: 10.392 Thread 0x00000000595ee000 Uncommon trap: reason=bimorphic action=maybe_recompile pc=0x0000000002961690 method=java.util.HashMap.putVal(ILjava/lang/Object;Ljava/lang/Object;ZZ)Ljava/lang/Object; @ 91
Event: 10.769 Thread 0x00000000595ee000 Uncommon trap: reason=unstable_if action=reinterpret pc=0x0000000002a7c340 method=sun.font.CMap$CMapFormat4.getGlyph(I)C @ 181

Classes redefined (0 events):
No events

Internal exceptions (10 events):
Event: 2.622 Thread 0x00000000595ee000 Exception <a 'java/lang/ArrayIndexOutOfBoundsException': 160> (0x00000000d61a61b0) thrown at [C:\re\workspace\8-2-build-windows-amd64-cygwin\jdk8u231\13620\hotspot\src\share\vm\interpreter\interpreterRuntime.cpp, line 368]
Event: 2.624 Thread 0x00000000595ee000 Exception <a 'java/lang/ClassNotFoundException': net/miginfocom/layout/UnitValueCustomizer> (0x00000000d61ad2f0) thrown at [C:\re\workspace\8-2-build-windows-amd64-cygwin\jdk8u231\13620\hotspot\src\share\vm\classfile\systemDictionary.cpp, line 210]
Event: 2.629 Thread 0x00000000595ee000 Exception <a 'java/lang/ClassNotFoundException': java/lang/ObjectCustomizer> (0x00000000d61c7508) thrown at [C:\re\workspace\8-2-build-windows-amd64-cygwin\jdk8u231\13620\hotspot\src\share\vm\classfile\systemDictionary.cpp, line 210]
Event: 2.630 Thread 0x00000000595ee000 Exception <a 'java/lang/ClassNotFoundException': net/miginfocom/layout/BoundSizeCustomizer> (0x00000000d61d0258) thrown at [C:\re\workspace\8-2-build-windows-amd64-cygwin\jdk8u231\13620\hotspot\src\share\vm\classfile\systemDictionary.cpp, line 210]
Event: 13.853 Thread 0x000000005714a800 Exception <a 'java/net/SocketException': Socket closed> (0x00000000d5ddd390) thrown at [C:\re\workspace\8-2-build-windows-amd64-cygwin\jdk8u231\13620\hotspot\src\share\vm\prims\jni.cpp, line 736]
Event: 13.854 Thread 0x000000005714a800 Exception <a 'java/net/SocketException': Socket closed> (0x00000000d5ddd8b0) thrown at [C:\re\workspace\8-2-build-windows-amd64-cygwin\jdk8u231\13620\hotspot\src\share\vm\prims\jni.cpp, line 736]
Event: 13.854 Thread 0x000000005714a800 Exception <a 'java/net/SocketException': Socket closed> (0x00000000d5dddd08) thrown at [C:\re\workspace\8-2-build-windows-amd64-cygwin\jdk8u231\13620\hotspot\src\share\vm\prims\jni.cpp, line 736]
Event: 13.855 Thread 0x000000005714a800 Exception <a 'java/net/SocketException': Socket closed> (0x00000000d5dde160) thrown at [C:\re\workspace\8-2-build-windows-amd64-cygwin\jdk8u231\13620\hotspot\src\share\vm\prims\jni.cpp, line 736]
Event: 13.872 Thread 0x000000005714a800 Exception <a 'java/net/SocketException': Socket closed> (0x00000000d5dde5b8) thrown at [C:\re\workspace\8-2-build-windows-amd64-cygwin\jdk8u231\13620\hotspot\src\share\vm\prims\jni.cpp, line 736]
Event: 13.873 Thread 0x000000005714a800 Exception <a 'java/net/SocketException': Socket closed> (0x00000000d5ddea10) thrown at [C:\re\workspace\8-2-build-windows-amd64-cygwin\jdk8u231\13620\hotspot\src\share\vm\prims\jni.cpp, line 736]

Events (10 events):
Event: 13.874 Executing VM operation: RevokeBias done
Event: 13.876 Thread 0x0000000058c1c000 flushing nmethod 0x000000000269b450
Event: 13.876 Thread 0x0000000058c1c000 flushing nmethod 0x000000000269bd10
Event: 13.876 Thread 0x0000000058c1c000 flushing nmethod 0x000000000269e990
Event: 13.876 Thread 0x0000000058c1c000 flushing nmethod 0x000000000269fd10
Event: 13.876 Thread 0x0000000058c1c000 flushing nmethod 0x00000000026a0ad0
Event: 13.876 Thread 0x0000000058c1c000 flushing nmethod 0x00000000026a10d0
Event: 13.876 Thread 0x0000000058c1c000 flushing nmethod 0x00000000026a1750
Event: 13.876 Thread 0x0000000058c1c000 flushing nmethod 0x00000000026b5310
Event: 13.878 Thread 0x0000000058c1c000 flushing nmethod 0x000000000270b010


Dynamic libraries:
0x000000013f310000 - 0x000000013f347000 	C:\Program Files\Java\jre1.8.0_231\bin\javaw.exe
0x0000000077810000 - 0x00000000779ba000 	C:\Windows\SYSTEM32\ntdll.dll
0x00000000772f0000 - 0x000000007740f000 	C:\Windows\system32\kernel32.dll
0x000007fefd560000 - 0x000007fefd5ca000 	C:\Windows\system32\KERNELBASE.dll
0x000007fefe4a0000 - 0x000007fefe57b000 	C:\Windows\system32\ADVAPI32.dll
0x000007fefeb40000 - 0x000007fefebdf000 	C:\Windows\system32\msvcrt.dll
0x000007fefea10000 - 0x000007fefea2f000 	C:\Windows\SYSTEM32\sechost.dll
0x000007fefe2a0000 - 0x000007fefe3cd000 	C:\Windows\system32\RPCRT4.dll
0x0000000077710000 - 0x000000007780a000 	C:\Windows\system32\USER32.dll
0x000007fefde50000 - 0x000007fefdeb7000 	C:\Windows\system32\GDI32.dll
0x000007fefe710000 - 0x000007fefe71e000 	C:\Windows\system32\LPK.dll
0x000007feffa50000 - 0x000007feffb1a000 	C:\Windows\system32\USP10.dll
0x000007fefbf30000 - 0x000007fefc124000 	C:\Windows\WinSxS\amd64_microsoft.windows.common-controls_6595b64144ccf1df_6.0.7601.18837_none_fa3b1e3d17594757\COMCTL32.dll
0x000007fefe3d0000 - 0x000007fefe441000 	C:\Windows\system32\SHLWAPI.dll
0x000007fefe1d0000 - 0x000007fefe1fe000 	C:\Windows\system32\IMM32.DLL
0x000007fefea30000 - 0x000007fefeb39000 	C:\Windows\system32\MSCTF.dll
0x0000000074c60000 - 0x0000000074d32000 	C:\Program Files\Java\jre1.8.0_231\bin\msvcr100.dll
0x000000006c450000 - 0x000000006ccf6000 	C:\Program Files\Java\jre1.8.0_231\bin\server\jvm.dll
0x000007feeec50000 - 0x000007feeec59000 	C:\Windows\system32\WSOCK32.dll
0x000007fefe450000 - 0x000007fefe49d000 	C:\Windows\system32\WS2_32.dll
0x000007fefdec0000 - 0x000007fefdec8000 	C:\Windows\system32\NSI.dll
0x000007fef8970000 - 0x000007fef89ab000 	C:\Windows\system32\WINMM.dll
0x000007fefc690000 - 0x000007fefc69c000 	C:\Windows\system32\VERSION.dll
0x00000000779e0000 - 0x00000000779e7000 	C:\Windows\system32\PSAPI.DLL
0x000007fef9290000 - 0x000007fef929f000 	C:\Program Files\Java\jre1.8.0_231\bin\verify.dll
0x000007fef48b0000 - 0x000007fef48d9000 	C:\Program Files\Java\jre1.8.0_231\bin\java.dll
0x000007fef4890000 - 0x000007fef48a6000 	C:\Program Files\Java\jre1.8.0_231\bin\zip.dll
0x000007fefebe0000 - 0x000007feff96a000 	C:\Windows\system32\SHELL32.dll
0x000007fefd900000 - 0x000007fefdb03000 	C:\Windows\system32\ole32.dll
0x000007fefd550000 - 0x000007fefd55f000 	C:\Windows\system32\profapi.dll
0x000007fee7ef0000 - 0x000007fee808a000 	C:\Program Files\Java\jre1.8.0_231\bin\awt.dll
0x000007feff970000 - 0x000007feffa4a000 	C:\Windows\system32\OLEAUT32.dll
0x000007fefba90000 - 0x000007fefbae6000 	C:\Windows\system32\uxtheme.dll
0x000007fefb200000 - 0x000007fefb218000 	C:\Windows\system32\dwmapi.dll
0x000007fefd3a0000 - 0x000007fefd3af000 	C:\Windows\system32\CRYPTBASE.dll
0x000007feeea70000 - 0x000007feeeb8d000 	C:\Windows\system32\opengl32.dll
0x000007fef8b50000 - 0x000007fef8b7d000 	C:\Windows\system32\GLU32.dll
0x000007feec780000 - 0x000007feec871000 	C:\Windows\system32\DDRAW.dll
0x000007fefa7f0000 - 0x000007fefa7f8000 	C:\Windows\system32\DCIMAN32.dll
0x000007fefdf50000 - 0x000007fefe127000 	C:\Windows\system32\SETUPAPI.dll
0x000007fefd5d0000 - 0x000007fefd606000 	C:\Windows\system32\CFGMGR32.dll
0x000007fefd8d0000 - 0x000007fefd8ea000 	C:\Windows\system32\DEVOBJ.dll
0x000007fef3e90000 - 0x000007fef3ed9000 	C:\Program Files\Java\jre1.8.0_231\bin\fontmanager.dll
0x000007fef4850000 - 0x000007fef486a000 	C:\Program Files\Java\jre1.8.0_231\bin\net.dll
0x000007fefcce0000 - 0x000007fefcd35000 	C:\Windows\system32\mswsock.dll
0x000007fefccd0000 - 0x000007fefccd7000 	C:\Windows\System32\wship6.dll
0x000007fef3e50000 - 0x000007fef3e62000 	C:\Program Files\Java\jre1.8.0_231\bin\nio.dll
0x000007feef740000 - 0x000007feef782000 	C:\Program Files\Java\jre1.8.0_231\bin\t2k.dll
0x000007fefe130000 - 0x000007fefe1c9000 	C:\Windows\system32\CLBCatQ.DLL
0x000007fefaec0000 - 0x000007fefb021000 	C:\Windows\system32\WindowsCodecs.dll
0x000007fefd340000 - 0x000007fefd397000 	C:\Windows\system32\apphelp.dll
0x000007fef8460000 - 0x000007fef8495000 	C:\Windows\system32\EhStorShell.dll
0x000007fefbb70000 - 0x000007fefbc9c000 	C:\Windows\system32\PROPSYS.dll
0x000007fef7a50000 - 0x000007fef80bf000 	C:\PROGRA~1\MICROS~2\Office14\GROOVEEX.DLL
0x0000000072240000 - 0x00000000722e3000 	C:\Windows\WinSxS\amd64_microsoft.vc90.crt_1fc8b3b9a1e18e3b_9.0.30729.6161_none_08e61857a83bc251\MSVCR90.dll
0x0000000072160000 - 0x0000000072233000 	C:\Windows\WinSxS\amd64_microsoft.vc90.crt_1fc8b3b9a1e18e3b_9.0.30729.6161_none_08e61857a83bc251\MSVCP90.dll
0x0000000072130000 - 0x000000007215f000 	C:\Windows\WinSxS\amd64_microsoft.vc90.atl_1fc8b3b9a1e18e3b_9.0.30729.6161_none_0a1fd3a3a768b895\ATL90.DLL
0x000007fef6ed0000 - 0x000007fef72ea000 	C:\PROGRA~1\COMMON~1\MICROS~1\OFFICE14\Cultures\office.odf
0x000007fef56b0000 - 0x000007fef5f2b000 	C:\PROGRA~1\MICROS~2\Office14\1046\GrooveIntlResource.dll
0x000007fef6e30000 - 0x000007fef6eae000 	C:\Windows\System32\cscui.dll
0x000007fef6d90000 - 0x000007fef6d9c000 	C:\Windows\System32\CSCDLL.dll
0x000007fef9f40000 - 0x000007fef9f4f000 	C:\Windows\system32\CSCAPI.dll
0x000007fef6be0000 - 0x000007fef6c60000 	C:\Windows\system32\ntshrui.dll
0x000007fefcf50000 - 0x000007fefcf73000 	C:\Windows\system32\srvcli.dll
0x000007fefb220000 - 0x000007fefb22b000 	C:\Windows\system32\slc.dll
0x000007fee7430000 - 0x000007fee74d0000 	C:\Windows\WinSxS\amd64_microsoft.windows.common-controls_6595b64144ccf1df_5.82.7601.18837_none_a4d981ff711297b6\comctl32.dll

VM Arguments:
jvm_args: -Dfile.encoding=Cp1252 
java_command: View.Entrar3
java_class_path (initial): C:\Users\Informatica01\workspace\ProtocoloPontoEpi\bin;C:\Users\Informatica01\workspace\ProtocoloPontoEpi\miglayout15-swing.jar;D:\Documentos\Desktop\Driver POSTGRESQL\postgresql-9.4-1201.jdbc4.jar;C:\Users\Informatica01\workspace\ProtocoloPontoEpi\Biblioteca\commons-beanutils-1.8.2.jar;C:\Users\Informatica01\workspace\ProtocoloPontoEpi\Biblioteca\commons-collections-3.2.1.jar;C:\Users\Informatica01\workspace\ProtocoloPontoEpi\Biblioteca\commons-digester-2.1.jar;C:\Users\Informatica01\workspace\ProtocoloPontoEpi\Biblioteca\commons-logging-1.1.jar;C:\Users\Informatica01\workspace\ProtocoloPontoEpi\Biblioteca\groovy-all-2.0.1.jar;C:\Users\Informatica01\workspace\ProtocoloPontoEpi\Biblioteca\iText-2.1.7.js2.jar;C:\Users\Informatica01\workspace\ProtocoloPontoEpi\Biblioteca\jasperreports-5.6.0.jar;C:\Users\Informatica01\workspace\ProtocoloPontoEpi\Biblioteca\jasperreports-fonts-5.6.0.jar
Launcher Type: SUN_STANDARD

Environment Variables:
JAVA_HOME=C:\Program Files\Java\jre1.8.0_231
CLASSPATH=.;JAVA_HOME
PATH=D:/Documentos/Desktop/ECLIPSE JAVA/eclipse//plugins/org.eclipse.justj.openjdk.hotspot.jre.full.win32.x86_64_15.0.1.v20201027-0507/jre/bin/server;D:/Documentos/Desktop/ECLIPSE JAVA/eclipse//plugins/org.eclipse.justj.openjdk.hotspot.jre.full.win32.x86_64_15.0.1.v20201027-0507/jre/bin;C:\Program Files (x86)\Common Files\Oracle\Java\javapath;C:\ProgramData\Oracle\Java\javapath;C:\Oracle\product\11.2.0\client_1\bin;C:\Program Files\Common Files\Microsoft Shared\Windows Live;C:\Program Files (x86)\Common Files\Microsoft Shared\Windows Live;C:\Windows\system32;C:\Windows;C:\Windows\System32\Wbem;C:\Windows\System32\WindowsPowerShell\v1.0\;C:\Program Files (x86)\Microsoft SQL Server\100\Tools\Binn\;C:\Program Files\Microsoft SQL Server\100\Tools\Binn\;C:\Program Files\Microsoft SQL Server\100\DTS\Binn\;C:\Program Files (x86)\Windows Live\Shared;C:\Program Files (x86)\Brackets\command;C:\Program Files (x86)\Print Conductor;C:\Program Files\Java\jre1.8.0_231\bin;C:\Program Files\Git\cmd;C:\Program Files (x86)\Spiceworks\Nmap;C:\Program Files (x86)\Print Conductor;;D:\Documentos\Desktop\ECLIPSE JAVA\eclipse;
USERNAME=Informatica01
OS=Windows_NT
PROCESSOR_IDENTIFIER=Intel64 Family 6 Model 42 Stepping 7, GenuineIntel



---------------  S Y S T E M  ---------------

OS: Windows 7 , 64 bit Build 7601 (6.1.7601.23539)

CPU:total 4 (initial active 4) (2 cores per cpu, 2 threads per core) family 6 model 42 stepping 7, cmov, cx8, fxsr, mmx, sse, sse2, sse3, ssse3, sse4.1, sse4.2, popcnt, avx, clmul, ht, tsc, tscinvbit

Memory: 4k page, physical 8299140k(843772k free), swap 8297280k(5860k free)

vm_info: Java HotSpot(TM) 64-Bit Server VM (25.231-b11) for windows-amd64 JRE (1.8.0_231-b11), built on Oct  5 2019 03:11:30 by "java_re" with MS VC++ 10.0 (VS2010)

time: Fri Jul 23 14:38:33 2021
timezone: Hora oficial do Brasil
elapsed time: 14 seconds (0d 0h 0m 14s)

